<?xml version="1.0" encoding="UTF-8"?>
<!-- Generated by org.testng.reporters.JUnitXMLReporter -->
<testsuite ignored="0" hostname="DESKTOP-0INDAG6" failures="1" tests="18" name="Home and other Test" time="201.347" errors="0" timestamp="2026-01-27T18:03:55 IST">
  <testcase classname="TestPages.HomeTest" name="ClickOnMarlinShopNow" time="0.326"/>
  <testcase classname="TestPages.HomeTest" name="ClickOnLatestReleaseProducts" time="4.687"/>
  <testcase classname="TestPages.HomeTest" name="clickOnPopularCategoryProducts" time="0.261"/>
  <testcase classname="TestPages.HomeTest" name="ClickOnLeatherStrapWatchButton" time="0.253"/>
  <testcase classname="TestPages.HomeTest" name="ClickOnMoreToLoveSection" time="0.145"/>
  <testcase classname="TestPages.HomeTest" name="ClickOnWatchesCategory" time="3.675"/>
  <testcase classname="TestPages.PLPTest" name="ClickOnShowFilterButton" time="0.034"/>
  <testcase classname="TestPages.PLPTest" name="ClickOnBandColorFilter" time="16.513">
    <failure type="java.lang.AssertionError" message="Failed to Click on Band Color Filter Option">
      <![CDATA[java.lang.AssertionError: Failed to Click on Band Color Filter Option
at TestPages.PLPTest.ClickOnBandColorFilter(PLPTest.java:44)
at java.base/java.util.ArrayList.forEach(ArrayList.java:1511)
... Removed 32 stack frames]]>
    </failure>
  </testcase> <!-- ClickOnBandColorFilter -->
  <testcase classname="TestPages.PLPTest" name="TC_03_DialColorFilter" time="32.549"/>
  <testcase classname="TestPages.PLPTest" name="ClickOnBandMaterialFilter" time="32.63"/>
  <testcase classname="TestPages.PLPTest" name="ClickOnFirstProduct" time="9.96"/>
  <testcase classname="TestPages.PDPTest" name="TC_ClickOnRecommendationsProducts" time="11.544"/>
  <testcase classname="TestPages.PDPTest" name="ClickOnAddToCartButton" time="2.726"/>
  <testcase classname="TestPages.MiniCartTest" name="ProductQuantityIncrease" time="3.864"/>
  <testcase classname="TestPages.MiniCartTest" name="EnterPincode" time="0.181"/>
  <testcase classname="TestPages.MiniCartTest" name="ClickOnGoQuickCheckoutButton" time="0.153"/>
  <testcase classname="TestPages.CheckOutTest" name="VerifyCheckoutVisible" time="0.655"/>
  <testcase classname="TestPages.CheckOutTest" name="VerifyCheckoutEnabled" time="0.607"/>
</testsuite> <!-- Home and other Test -->
