<?xml version="1.0" encoding="UTF-8"?>
<!-- Generated by org.testng.reporters.JUnitXMLReporter -->
<testsuite ignored="0" hostname="DESKTOP-LL1B83L" failures="1" tests="18" name="Home and other Test" time="270.452" errors="0" timestamp="2026-01-15T16:05:21 IST">
  <testcase classname="TestPages.HomeTest" name="ClickOnMarlinShopNow" time="1.803"/>
  <testcase classname="TestPages.HomeTest" name="ClickOnLatestReleaseProducts" time="29.961"/>
  <testcase classname="TestPages.HomeTest" name="clickOnPopularCategoryProducts" time="1.702"/>
  <testcase classname="TestPages.HomeTest" name="ClickOnLeatherStrapWatchButton" time="0.382"/>
  <testcase classname="TestPages.HomeTest" name="ClickOnMoreToLoveSection" time="1.518"/>
  <testcase classname="TestPages.HomeTest" name="ClickOnWatchesCategory" time="7.742"/>
  <testcase classname="TestPages.PLPTest" name="ClickOnShowFilterButton" time="0.053"/>
  <testcase classname="TestPages.PLPTest" name="ClickOnBandColorFilter" time="16.514">
    <failure type="java.lang.AssertionError" message="Failed to Click on Band Color Filter Option">
      <![CDATA[java.lang.AssertionError: Failed to Click on Band Color Filter Option
at TestPages.PLPTest.ClickOnBandColorFilter(PLPTest.java:44)
at java.base/java.util.ArrayList.forEach(ArrayList.java:1511)
... Removed 32 stack frames]]>
    </failure>
  </testcase> <!-- ClickOnBandColorFilter -->
  <testcase classname="TestPages.PLPTest" name="TC_03_DialColorFilter" time="10.465"/>
  <testcase classname="TestPages.PLPTest" name="ClickOnBandMaterialFilter" time="11.527"/>
  <testcase classname="TestPages.PLPTest" name="ClickOnFirstProduct" time="5.68"/>
  <testcase classname="TestPages.PDPTest" name="TC_ClickOnRecommendationsProducts" time="76.845"/>
  <testcase classname="TestPages.PDPTest" name="ClickOnAddToCartButton" time="4.531"/>
  <testcase classname="TestPages.MiniCartTest" name="ProductQuantityIncrease" time="4.568"/>
  <testcase classname="TestPages.MiniCartTest" name="EnterPincode" time="0.263"/>
  <testcase classname="TestPages.MiniCartTest" name="ClickOnGoQuickCheckoutButton" time="0.239"/>
  <testcase classname="TestPages.CheckOutTest" name="VerifyCheckoutVisible" time="0.791"/>
  <testcase classname="TestPages.CheckOutTest" name="VerifyCheckoutEnabled" time="0.595"/>
</testsuite> <!-- Home and other Test -->
