<?xml version="1.0" encoding="UTF-8"?>
<!-- Generated by org.testng.reporters.JUnitXMLReporter -->
<testsuite ignored="0" hostname="DESKTOP-LL1B83L" failures="1" tests="18" name="Home and other Test" time="663.097" errors="0" timestamp="2026-01-16T16:34:10 IST">
  <testcase classname="TestPages.HomeTest" name="ClickOnMarlinShopNow" time="1.561"/>
  <testcase classname="TestPages.HomeTest" name="ClickOnLatestReleaseProducts" time="28.478"/>
  <testcase classname="TestPages.HomeTest" name="clickOnPopularCategoryProducts" time="1.508"/>
  <testcase classname="TestPages.HomeTest" name="ClickOnLeatherStrapWatchButton" time="0.326"/>
  <testcase classname="TestPages.HomeTest" name="ClickOnMoreToLoveSection" time="1.473"/>
  <testcase classname="TestPages.HomeTest" name="ClickOnWatchesCategory" time="28.818"/>
  <testcase classname="TestPages.PLPTest" name="ClickOnShowFilterButton" time="0.086"/>
  <testcase classname="TestPages.PLPTest" name="ClickOnBandColorFilter" time="16.513">
    <failure type="java.lang.AssertionError" message="Failed to Click on Band Color Filter Option">
      <![CDATA[java.lang.AssertionError: Failed to Click on Band Color Filter Option
at TestPages.PLPTest.ClickOnBandColorFilter(PLPTest.java:44)
at java.base/java.util.ArrayList.forEach(ArrayList.java:1511)
... Removed 32 stack frames]]>
    </failure>
  </testcase> <!-- ClickOnBandColorFilter -->
  <testcase classname="TestPages.PLPTest" name="TC_03_DialColorFilter" time="10.5"/>
  <testcase classname="TestPages.PLPTest" name="ClickOnBandMaterialFilter" time="11.525"/>
  <testcase classname="TestPages.PLPTest" name="ClickOnFirstProduct" time="23.146"/>
  <testcase classname="TestPages.PDPTest" name="TC_ClickOnRecommendationsProducts" time="81.944"/>
  <testcase classname="TestPages.PDPTest" name="ClickOnAddToCartButton" time="4.273"/>
  <testcase classname="TestPages.MiniCartTest" name="ProductQuantityIncrease" time="5.196"/>
  <testcase classname="TestPages.MiniCartTest" name="EnterPincode" time="0.31"/>
  <testcase classname="TestPages.MiniCartTest" name="ClickOnGoQuickCheckoutButton" time="0.572"/>
  <testcase classname="TestPages.CheckOutTest" name="VerifyCheckoutVisible" time="0.947"/>
  <testcase classname="TestPages.CheckOutTest" name="VerifyCheckoutEnabled" time="0.515"/>
</testsuite> <!-- Home and other Test -->
