<?xml version="1.0" encoding="UTF-8"?>
<!-- Generated by org.testng.reporters.JUnitXMLReporter -->
<testsuite ignored="0" hostname="DESKTOP-LL1B83L" failures="0" tests="4" name="Default test" time="105.025" errors="0" timestamp="2025-12-30T22:03:52 IST">
  <testcase classname="TestPages.MiniCartTest" name="TC_01_QuantityIncrease" time="5.159"/>
  <testcase classname="TestPages.MiniCartTest" name="TC_02_QuantityDecrease" time="5.718"/>
  <testcase classname="TestPages.MiniCartTest" name="TC_03_EnterPincode" time="0.382"/>
  <testcase classname="TestPages.MiniCartTest" name="TC_04_GoQuickCheckout" time="0.514"/>
</testsuite> <!-- Default test -->
