<?xml version="1.0" encoding="UTF-8"?>
<!-- Generated by org.testng.reporters.JUnitXMLReporter -->
<testsuite ignored="0" hostname="DESKTOP-LL1B83L" failures="0" tests="5" name="Default test" time="153.01" errors="0" timestamp="2025-12-31T14:31:21 IST">
  <testcase classname="TestPages.PLPTest" name="TC_01_ClickOnShowFilterButton" time="0.149"/>
  <testcase classname="TestPages.PLPTest" name="TC_02_BandColorFilter" time="11.315"/>
  <testcase classname="TestPages.PLPTest" name="TC_03_DialColorFilter" time="11.292"/>
  <testcase classname="TestPages.PLPTest" name="TC_05_BandMaterialFilter" time="11.141"/>
  <testcase classname="TestPages.PLPTest" name="TC_06_ClickOnFirstProduct" time="33.416"/>
</testsuite> <!-- Default test -->
