<?xml version="1.0" encoding="UTF-8"?>
<!-- Generated by org.testng.reporters.JUnitXMLReporter -->
<testsuite ignored="0" hostname="DESKTOP-LL1B83L" failures="0" tests="7" name="Default test" time="134.017" errors="0" timestamp="2026-02-06T17:23:26 IST">
  <testcase classname="TestPages.PLPTest" name="clickOnShowFilter" time="0.177"/>
  <testcase classname="TestPages.PLPTest" name="closegenderandpriceFilter" time="1.3"/>
  <testcase classname="TestPages.PLPTest" name="ClickOnBandColorFilter" time="27.514"/>
  <testcase classname="TestPages.PLPTest" name="ClickOnDialColorFilter" time="27.386"/>
  <testcase classname="TestPages.PLPTest" name="ClickOnCaseDiameterFilter" time="27.595"/>
  <testcase classname="TestPages.PLPTest" name="ClickOnBandMaterialcolorFilter" time="27.69"/>
  <testcase classname="TestPages.PLPTest" name="clickOnFirstProduct" time="11.446"/>
</testsuite> <!-- Default test -->
