<?xml version="1.0" encoding="UTF-8"?>
<!-- Generated by org.testng.reporters.JUnitXMLReporter -->
<testsuite ignored="0" hostname="DESKTOP-LL1B83L" failures="0" tests="7" name="Default test" time="161.984" errors="0" timestamp="2026-02-13T20:53:12 IST">
  <testcase classname="TestPages.PLPTest" name="clickOnShowFilter" time="0.423"/>
  <testcase classname="TestPages.PLPTest" name="closegenderandpriceFilter" time="1.328"/>
  <testcase classname="TestPages.PLPTest" name="ClickOnBandColorFilter" time="27.932"/>
  <testcase classname="TestPages.PLPTest" name="ClickOnDialColorFilter" time="28.019"/>
  <testcase classname="TestPages.PLPTest" name="ClickOnCaseDiameterFilter" time="27.86"/>
  <testcase classname="TestPages.PLPTest" name="ClickOnBandMaterialcolorFilter" time="28.407"/>
  <testcase classname="TestPages.PLPTest" name="clickOnProducts" time="13.683"/>
</testsuite> <!-- Default test -->
