<?xml version="1.0" encoding="UTF-8"?>
<!-- Generated by org.testng.reporters.JUnitXMLReporter -->
<testsuite ignored="0" hostname="DESKTOP-LL1B83L" failures="0" tests="3" name="Default test" time="88.357" errors="0" timestamp="2026-01-21T14:22:38 IST">
  <testcase classname="TestPages.MiniCartTest" name="ProductQuantityIncrease" time="4.052"/>
  <testcase classname="TestPages.MiniCartTest" name="EnterPincode" time="0.269"/>
  <testcase classname="TestPages.MiniCartTest" name="ClickOnGoQuickCheckoutButton" time="0.112"/>
</testsuite> <!-- Default test -->
