<?xml version="1.0" encoding="UTF-8"?>
<!-- Generated by org.testng.reporters.JUnitXMLReporter -->
<testsuite ignored="0" hostname="DESKTOP-LL1B83L" failures="0" tests="5" name="Default test" time="124.668" errors="0" timestamp="2025-11-24T13:35:56 IST">
  <testcase classname="Form_testing.Homepage" name="TC_01_MarlinAutomatic_ShopNowButton" time="3.397"/>
  <testcase classname="Form_testing.Homepage" name="TC_02_ClickOnLatestReleaseAndBestSellerProducts" time="60.78"/>
  <testcase classname="Form_testing.Homepage" name="TC_03_ClickOnPopularCategory" time="2.532"/>
  <testcase classname="Form_testing.Homepage" name="TC_04_ClickOnLeatherStrapWatch" time="2.733"/>
  <testcase classname="Form_testing.Homepage" name="TC_04_ClickOnMoretoLoveSection" time="2.719"/>
</testsuite> <!-- Default test -->
