<?xml version="1.0" encoding="UTF-8"?>
<!-- Generated by org.testng.reporters.JUnitXMLReporter -->
<testsuite ignored="0" hostname="DESKTOP-LL1B83L" failures="1" tests="18" name="HomeTest" time="652.338" errors="0" timestamp="2026-01-12T17:23:03 IST">
  <testcase classname="TestPages.HomeTest" name="clickOnMarlinShopNow" time="1.512"/>
  <testcase classname="TestPages.HomeTest" name="clickOnLatestReleaseProducts" time="26.844"/>
  <testcase classname="TestPages.HomeTest" name="clickOnPopularCategoryProducts" time="1.588"/>
  <testcase classname="TestPages.HomeTest" name="clickOnkLeatherStrapWatch" time="0.389"/>
  <testcase classname="TestPages.HomeTest" name="clicOnkMoreToLoveSection" time="1.441"/>
  <testcase classname="TestPages.HomeTest" name="clicOnWatchesCategory" time="23.335"/>
  <testcase classname="TestPages.PLPTest" name="TC_01_ClickOnShowFilterButton" time="0.069"/>
  <testcase classname="TestPages.PLPTest" name="TC_02_BandColorFilter" time="11.727"/>
  <testcase classname="TestPages.PLPTest" name="TC_03_DialColorFilter" time="10.542"/>
  <testcase classname="TestPages.PLPTest" name="TC_05_BandMaterialFilter" time="16.24">
    <failure type="org.openqa.selenium.TimeoutException" message="Expected condition failed: waiting for element to be clickable: By.xpath: //div[contains(@class,&amp;apos;usf-facet-values&amp;apos;)]//button[normalize-space(@title)=&amp;apos;Black (22)&amp;apos;] (tried for 15 second(s) with 500 milliseconds interval)
Build info: version: &amp;apos;4.25.0&amp;apos;, revision: &amp;apos;8a8aea2337&amp;apos;
System info: os.name: &amp;apos;Windows 11&amp;apos;, os.arch: &amp;apos;amd64&amp;apos;, os.version: &amp;apos;10.0&amp;apos;, java.version: &amp;apos;17.0.7&amp;apos;
Driver info: org.openqa.selenium.chrome.ChromeDriver
Capabilities {acceptInsecureCerts: false, browserName: chrome, browserVersion: 143.0.7499.193, chrome: {chromedriverVersion: 143.0.7499.192 (be2c1f4fd45..., userDataDir: C:\Users\LYXELA~1\AppData\L...}, fedcm:accounts: true, goog:chromeOptions: {debuggerAddress: localhost:52037}, goog:processID: 33596, networkConnectionEnabled: false, pageLoadStrategy: normal, platformName: windows, proxy: Proxy(), se:cdp: ws://localhost:52037/devtoo..., se:cdpVersion: 143.0.7499.193, setWindowRect: true, strictFileInteractability: false, timeouts: {implicit: 0, pageLoad: 300000, script: 30000}, unhandledPromptBehavior: dismiss and notify, webauthn:extension:credBlob: true, webauthn:extension:largeBlob: true, webauthn:extension:minPinLength: true, webauthn:extension:prf: true, webauthn:virtualAuthenticators: true}
Session ID: eecd720b19ca2b34d9194d6874a2b820">
      <![CDATA[org.openqa.selenium.TimeoutException: Expected condition failed: waiting for element to be clickable: By.xpath: //div[contains(@class,'usf-facet-values')]//button[normalize-space(@title)='Black (22)'] (tried for 15 second(s) with 500 milliseconds interval)
Build info: version: '4.25.0', revision: '8a8aea2337'
System info: os.name: 'Windows 11', os.arch: 'amd64', os.version: '10.0', java.version: '17.0.7'
Driver info: org.openqa.selenium.chrome.ChromeDriver
Capabilities {acceptInsecureCerts: false, browserName: chrome, browserVersion: 143.0.7499.193, chrome: {chromedriverVersion: 143.0.7499.192 (be2c1f4fd45..., userDataDir: C:\Users\LYXELA~1\AppData\L...}, fedcm:accounts: true, goog:chromeOptions: {debuggerAddress: localhost:52037}, goog:processID: 33596, networkConnectionEnabled: false, pageLoadStrategy: normal, platformName: windows, proxy: Proxy(), se:cdp: ws://localhost:52037/devtoo..., se:cdpVersion: 143.0.7499.193, setWindowRect: true, strictFileInteractability: false, timeouts: {implicit: 0, pageLoad: 300000, script: 30000}, unhandledPromptBehavior: dismiss and notify, webauthn:extension:credBlob: true, webauthn:extension:largeBlob: true, webauthn:extension:minPinLength: true, webauthn:extension:prf: true, webauthn:virtualAuthenticators: true}
Session ID: eecd720b19ca2b34d9194d6874a2b820
at org.openqa.selenium.support.ui.WebDriverWait.timeoutException(WebDriverWait.java:84)
at org.openqa.selenium.support.ui.FluentWait.until(FluentWait.java:228)
at Pages.PLPPage.selectBandMaterialFilter(PLPPage.java:103)
at TestPages.PLPTest.TC_05_BandMaterialFilter(PLPTest.java:45)
at java.base/java.util.ArrayList.forEach(ArrayList.java:1511)
... Removed 27 stack frames]]>
    </failure>
  </testcase> <!-- TC_05_BandMaterialFilter -->
  <testcase classname="TestPages.PLPTest" name="TC_06_ClickOnFirstProduct" time="22.892"/>
  <testcase classname="TestPages.PDPTest" name="TC_01_clickOnProductRecommendations" time="78.904"/>
  <testcase classname="TestPages.PDPTest" name="TC_02_addProductToCartProduct" time="4.286"/>
  <testcase classname="TestPages.MiniCartTest" name="TC_01_QuantityIncrease" time="4.435"/>
  <testcase classname="TestPages.MiniCartTest" name="TC_03_EnterPincode" time="0.208"/>
  <testcase classname="TestPages.MiniCartTest" name="TC_04_GoQuickCheckout" time="0.2"/>
  <testcase classname="TestPages.CheckOutTest" name="TC_01_VerifyCheckoutVisible" time="0.56"/>
  <testcase classname="TestPages.CheckOutTest" name="TC_02_VerifyCheckoutEnabled" time="0.553"/>
</testsuite> <!-- HomeTest -->
