<?xml version="1.0" encoding="UTF-8"?>
<!-- Generated by org.testng.reporters.JUnitXMLReporter -->
<testsuite ignored="0" hostname="DESKTOP-LL1B83L" failures="1" tests="18" name="HomeTest" time="662.326" errors="0" timestamp="2026-01-14T13:27:51 IST">
  <testcase classname="TestPages.HomeTest" name="ClickOnMarlinShopNow" time="1.486"/>
  <testcase classname="TestPages.HomeTest" name="ClickOnLatestReleaseProducts" time="27.072"/>
  <testcase classname="TestPages.HomeTest" name="clickOnPopularCategoryProducts" time="1.463"/>
  <testcase classname="TestPages.HomeTest" name="ClickOnkLeatherStrapWatchButton" time="0.486"/>
  <testcase classname="TestPages.HomeTest" name="ClicOnkMoreToLoveSection" time="1.456"/>
  <testcase classname="TestPages.HomeTest" name="ClicOnWatchesCategory" time="34.835"/>
  <testcase classname="TestPages.PLPTest" name="ClickOnShowFilterButton" time="0.096"/>
  <testcase classname="TestPages.PLPTest" name="ClickOnBandColorFilter" time="11.728"/>
  <testcase classname="TestPages.PLPTest" name="TC_03_DialColorFilter" time="10.714"/>
  <testcase classname="TestPages.PLPTest" name="ClickOnBandMaterialFilter" time="16.253">
    <failure type="java.lang.AssertionError" message="Failed to Click on Band Material Filter Option">
      <![CDATA[java.lang.AssertionError: Failed to Click on Band Material Filter Option
at TestPages.PLPTest.ClickOnBandMaterialFilter(PLPTest.java:60)
at java.base/java.util.ArrayList.forEach(ArrayList.java:1511)
... Removed 28 stack frames]]>
    </failure>
  </testcase> <!-- ClickOnBandMaterialFilter -->
  <testcase classname="TestPages.PLPTest" name="ClickOnFirstProduct" time="23.382"/>
  <testcase classname="TestPages.PDPTest" name="TC_ClickOnRecommendationsProducts" time="79.389"/>
  <testcase classname="TestPages.PDPTest" name="ClickOnAddToCartButton" time="4.287"/>
  <testcase classname="TestPages.MiniCartTest" name="ProductQuantityIncrease" time="4.671"/>
  <testcase classname="TestPages.MiniCartTest" name="EnterPincode" time="0.218"/>
  <testcase classname="TestPages.MiniCartTest" name="ClickOnGoQuickCheckoutButton" time="0.25"/>
  <testcase classname="TestPages.CheckOutTest" name="VerifyCheckoutVisible" time="0.675"/>
  <testcase classname="TestPages.CheckOutTest" name="VerifyCheckoutEnabled" time="0.47"/>
</testsuite> <!-- HomeTest -->
