<?xml version="1.0" encoding="UTF-8"?>
<!-- Generated by org.testng.reporters.JUnitXMLReporter -->
<testsuite ignored="0" hostname="DESKTOP-LL1B83L" failures="0" tests="6" name="HomeTest" time="126.303" errors="0" timestamp="2025-12-31T14:40:46 IST">
  <testcase classname="TestPages.HomeTest" name="clickOnMarlinShopNow" time="2.163"/>
  <testcase classname="TestPages.HomeTest" name="clickOnLatestReleaseProducts" time="34.405"/>
  <testcase classname="TestPages.HomeTest" name="clickOnPopularCategoryProducts" time="1.968"/>
  <testcase classname="TestPages.HomeTest" name="clickOnkLeatherStrapWatch" time="1.162"/>
  <testcase classname="TestPages.HomeTest" name="clicOnkMoreToLoveSection" time="3.038"/>
  <testcase classname="TestPages.HomeTest" name="clicOnWatchesCategory" time="30.357"/>
</testsuite> <!-- HomeTest -->
