<html>
<head>
<title>TestNG:  HomeTest</title>
<link href="../testng.css" rel="stylesheet" type="text/css" />
<link href="../my-testng.css" rel="stylesheet" type="text/css" />

<style type="text/css">
.log { display: none;} 
.stack-trace { display: none;} 
</style>
<script type="text/javascript">
<!--
function flip(e) {
  current = e.style.display;
  if (current == 'block') {
    e.style.display = 'none';
    return 0;
  }
  else {
    e.style.display = 'block';
    return 1;
  }
}

function toggleBox(szDivId, elem, msg1, msg2)
{
  var res = -1;  if (document.getElementById) {
    res = flip(document.getElementById(szDivId));
  }
  else if (document.all) {
    // this is the way old msie versions work
    res = flip(document.all[szDivId]);
  }
  if(elem) {
    if(res == 0) elem.innerHTML = msg1; else elem.innerHTML = msg2;
  }

}

function toggleAllBoxes() {
  if (document.getElementsByTagName) {
    d = document.getElementsByTagName('div');
    for (i = 0; i < d.length; i++) {
      if (d[i].className == 'log') {
        flip(d[i]);
      }
    }
  }
}

// -->
</script>

</head>
<body>
<h2 align='center'>HomeTest</h2><table border='1' align="center">
<tr>
<td>Tests passed/Failed/Skipped:</td><td>17/1/0</td>
</tr><tr>
<td>Started on:</td><td>Mon Jan 12 17:12:11 IST 2026</td>
</tr>
<tr><td>Total time:</td><td>652 seconds (652338 ms)</td>
</tr><tr>
<td>Included groups:</td><td></td>
</tr><tr>
<td>Excluded groups:</td><td></td>
</tr>
</table><p/>
<small><i>(Hover the method name to see the test class name)</i></small><p/>
<table width='100%' border='1' class='invocation-failed'>
<tr><td colspan='4' align='center'><b>FAILED TESTS</b></td></tr>
<tr><td><b>Test method</b></td>
<td><b>Attribute(s)</b></td>
<td width="30%"><b>Exception</b></td>
<td width="10%"><b>Time (seconds)</b></td>
<td><b>Instance</b></td>
</tr>
<tr>
<td title='TestPages.PLPTest.TC_05_BandMaterialFilter()'><b>TC_05_BandMaterialFilter</b><br>Test class: TestPages.PLPTest</td>
<td><div><pre>org.openqa.selenium.TimeoutException: Expected condition failed: waiting for element to be clickable: By.xpath: //div[contains(@class,&apos;usf-facet-values&apos;)]//button[normalize-space(@title)=&apos;Black (22)&apos;] (tried for 15 second(s) with 500 milliseconds interval)
Build info: version: &apos;4.25.0&apos;, revision: &apos;8a8aea2337&apos;
System info: os.name: &apos;Windows 11&apos;, os.arch: &apos;amd64&apos;, os.version: &apos;10.0&apos;, java.version: &apos;17.0.7&apos;
Driver info: org.openqa.selenium.chrome.ChromeDriver
Capabilities {acceptInsecureCerts: false, browserName: chrome, browserVersion: 143.0.7499.193, chrome: {chromedriverVersion: 143.0.7499.192 (be2c1f4fd45..., userDataDir: C:\Users\LYXELA~1\AppData\L...}, fedcm:accounts: true, goog:chromeOptions: {debuggerAddress: localhost:52037}, goog:processID: 33596, networkConnectionEnabled: false, pageLoadStrategy: normal, platformName: windows, proxy: Proxy(), se:cdp: ws://localhost:52037/devtoo..., se:cdpVersion: 143.0.7499.193, setWindowRect: true, strictFileInteractability: false, timeouts: {implicit: 0, pageLoad: 300000, script: 30000}, unhandledPromptBehavior: dismiss and notify, webauthn:extension:credBlob: true, webauthn:extension:largeBlob: true, webauthn:extension:minPinLength: true, webauthn:extension:prf: true, webauthn:virtualAuthenticators: true}
Session ID: eecd720b19ca2b34d9194d6874a2b820
	at org.openqa.selenium.support.ui.WebDriverWait.timeoutException(WebDriverWait.java:84)
	at org.openqa.selenium.support.ui.FluentWait.until(FluentWait.java:228)
	at Pages.PLPPage.selectBandMaterialFilter(PLPPage.java:103)
	at TestPages.PLPTest.TC_05_BandMaterialFilter(PLPTest.java:45)
	at java.base/java.util.ArrayList.forEach(ArrayList.java:1511)
... Removed 27 stack frames</pre></div><a href='#' onClick='toggleBox("stack-trace972404515", this, "Click to show all stack frames", "Click to hide stack frames")'>Click to show all stack frames</a>
<div class='stack-trace' id='stack-trace972404515'><pre>org.openqa.selenium.TimeoutException: Expected condition failed: waiting for element to be clickable: By.xpath: //div[contains(@class,&apos;usf-facet-values&apos;)]//button[normalize-space(@title)=&apos;Black (22)&apos;] (tried for 15 second(s) with 500 milliseconds interval)
Build info: version: &apos;4.25.0&apos;, revision: &apos;8a8aea2337&apos;
System info: os.name: &apos;Windows 11&apos;, os.arch: &apos;amd64&apos;, os.version: &apos;10.0&apos;, java.version: &apos;17.0.7&apos;
Driver info: org.openqa.selenium.chrome.ChromeDriver
Capabilities {acceptInsecureCerts: false, browserName: chrome, browserVersion: 143.0.7499.193, chrome: {chromedriverVersion: 143.0.7499.192 (be2c1f4fd45..., userDataDir: C:\Users\LYXELA~1\AppData\L...}, fedcm:accounts: true, goog:chromeOptions: {debuggerAddress: localhost:52037}, goog:processID: 33596, networkConnectionEnabled: false, pageLoadStrategy: normal, platformName: windows, proxy: Proxy(), se:cdp: ws://localhost:52037/devtoo..., se:cdpVersion: 143.0.7499.193, setWindowRect: true, strictFileInteractability: false, timeouts: {implicit: 0, pageLoad: 300000, script: 30000}, unhandledPromptBehavior: dismiss and notify, webauthn:extension:credBlob: true, webauthn:extension:largeBlob: true, webauthn:extension:minPinLength: true, webauthn:extension:prf: true, webauthn:virtualAuthenticators: true}
Session ID: eecd720b19ca2b34d9194d6874a2b820
	at org.openqa.selenium.support.ui.WebDriverWait.timeoutException(WebDriverWait.java:84)
	at org.openqa.selenium.support.ui.FluentWait.until(FluentWait.java:228)
	at Pages.PLPPage.selectBandMaterialFilter(PLPPage.java:103)
	at TestPages.PLPTest.TC_05_BandMaterialFilter(PLPTest.java:45)
	at java.base/jdk.internal.reflect.NativeMethodAccessorImpl.invoke0(Native Method)
	at java.base/jdk.internal.reflect.NativeMethodAccessorImpl.invoke(NativeMethodAccessorImpl.java:77)
	at java.base/jdk.internal.reflect.DelegatingMethodAccessorImpl.invoke(DelegatingMethodAccessorImpl.java:43)
	at java.base/java.lang.reflect.Method.invoke(Method.java:568)
	at org.testng.internal.invokers.MethodInvocationHelper.invokeMethod(MethodInvocationHelper.java:139)
	at org.testng.internal.invokers.TestInvoker.invokeMethod(TestInvoker.java:664)
	at org.testng.internal.invokers.TestInvoker.invokeTestMethod(TestInvoker.java:227)
	at org.testng.internal.invokers.MethodRunner.runInSequence(MethodRunner.java:50)
	at org.testng.internal.invokers.TestInvoker$MethodInvocationAgent.invoke(TestInvoker.java:957)
	at org.testng.internal.invokers.TestInvoker.invokeTestMethods(TestInvoker.java:200)
	at org.testng.internal.invokers.TestMethodWorker.invokeTestMethods(TestMethodWorker.java:148)
	at org.testng.internal.invokers.TestMethodWorker.run(TestMethodWorker.java:128)
	at java.base/java.util.ArrayList.forEach(ArrayList.java:1511)
	at org.testng.TestRunner.privateRun(TestRunner.java:848)
	at org.testng.TestRunner.run(TestRunner.java:621)
	at org.testng.SuiteRunner.runTest(SuiteRunner.java:443)
	at org.testng.SuiteRunner.runSequentially(SuiteRunner.java:437)
	at org.testng.SuiteRunner.privateRun(SuiteRunner.java:397)
	at org.testng.SuiteRunner.run(SuiteRunner.java:336)
	at org.testng.SuiteRunnerWorker.runSuite(SuiteRunnerWorker.java:52)
	at org.testng.SuiteRunnerWorker.run(SuiteRunnerWorker.java:95)
	at org.testng.TestNG.runSuitesSequentially(TestNG.java:1280)
	at org.testng.TestNG.runSuitesLocally(TestNG.java:1200)
	at org.testng.TestNG.runSuites(TestNG.java:1114)
	at org.testng.TestNG.run(TestNG.java:1082)
	at org.testng.remote.AbstractRemoteTestNG.run(AbstractRemoteTestNG.java:115)
	at org.testng.remote.RemoteTestNG.initAndRun(RemoteTestNG.java:251)
	at org.testng.remote.RemoteTestNG.main(RemoteTestNG.java:77)
</pre></div></td>
<td>16</td>
<td>TestPages.PLPTest@710c2b53</td></tr>
</table><p>
<table width='100%' border='1' class='invocation-passed'>
<tr><td colspan='4' align='center'><b>PASSED TESTS</b></td></tr>
<tr><td><b>Test method</b></td>
<td><b>Attribute(s)</b></td>
<td width="30%"><b>Exception</b></td>
<td width="10%"><b>Time (seconds)</b></td>
<td><b>Instance</b></td>
</tr>
<tr>
<td title='TestPages.PLPTest.TC_06_ClickOnFirstProduct()'><b>TC_06_ClickOnFirstProduct</b><br>Test class: TestPages.PLPTest</td>
<td></td>
<td>22</td>
<td>TestPages.PLPTest@710c2b53</td></tr>
<tr>
<td title='TestPages.HomeTest.clicOnWatchesCategory()'><b>clicOnWatchesCategory</b><br>Test class: TestPages.HomeTest</td>
<td></td>
<td>23</td>
<td>TestPages.HomeTest@5524cca1</td></tr>
<tr>
<td title='TestPages.MiniCartTest.TC_01_QuantityIncrease()'><b>TC_01_QuantityIncrease</b><br>Test class: TestPages.MiniCartTest<br>Test method: Increase product quantity in mini cart</td>
<td></td>
<td>4</td>
<td>TestPages.MiniCartTest@14028087</td></tr>
<tr>
<td title='TestPages.CheckOutTest.TC_02_VerifyCheckoutEnabled()'><b>TC_02_VerifyCheckoutEnabled</b><br>Test class: TestPages.CheckOutTest</td>
<td></td>
<td>0</td>
<td>TestPages.CheckOutTest@7ce026d3</td></tr>
<tr>
<td title='TestPages.MiniCartTest.TC_03_EnterPincode()'><b>TC_03_EnterPincode</b><br>Test class: TestPages.MiniCartTest<br>Test method: Enter pincode in mini cart</td>
<td></td>
<td>0</td>
<td>TestPages.MiniCartTest@14028087</td></tr>
<tr>
<td title='TestPages.MiniCartTest.TC_04_GoQuickCheckout()'><b>TC_04_GoQuickCheckout</b><br>Test class: TestPages.MiniCartTest<br>Test method: Proceed to quick checkout from mini cart</td>
<td></td>
<td>0</td>
<td>TestPages.MiniCartTest@14028087</td></tr>
<tr>
<td title='TestPages.PDPTest.TC_01_clickOnProductRecommendations()'><b>TC_01_clickOnProductRecommendations</b><br>Test class: TestPages.PDPTest</td>
<td></td>
<td>78</td>
<td>TestPages.PDPTest@5386659f</td></tr>
<tr>
<td title='TestPages.PLPTest.TC_03_DialColorFilter()'><b>TC_03_DialColorFilter</b><br>Test class: TestPages.PLPTest</td>
<td></td>
<td>10</td>
<td>TestPages.PLPTest@710c2b53</td></tr>
<tr>
<td title='TestPages.PLPTest.TC_01_ClickOnShowFilterButton()'><b>TC_01_ClickOnShowFilterButton</b><br>Test class: TestPages.PLPTest</td>
<td></td>
<td>0</td>
<td>TestPages.PLPTest@710c2b53</td></tr>
<tr>
<td title='TestPages.PDPTest.TC_02_addProductToCartProduct()'><b>TC_02_addProductToCartProduct</b><br>Test class: TestPages.PDPTest</td>
<td></td>
<td>4</td>
<td>TestPages.PDPTest@5386659f</td></tr>
<tr>
<td title='TestPages.HomeTest.clicOnkMoreToLoveSection()'><b>clicOnkMoreToLoveSection</b><br>Test class: TestPages.HomeTest</td>
<td></td>
<td>1</td>
<td>TestPages.HomeTest@5524cca1</td></tr>
<tr>
<td title='TestPages.HomeTest.clickOnMarlinShopNow()'><b>clickOnMarlinShopNow</b><br>Test class: TestPages.HomeTest</td>
<td></td>
<td>1</td>
<td>TestPages.HomeTest@5524cca1</td></tr>
<tr>
<td title='TestPages.HomeTest.clickOnLatestReleaseProducts()'><b>clickOnLatestReleaseProducts</b><br>Test class: TestPages.HomeTest</td>
<td></td>
<td>26</td>
<td>TestPages.HomeTest@5524cca1</td></tr>
<tr>
<td title='TestPages.PLPTest.TC_02_BandColorFilter()'><b>TC_02_BandColorFilter</b><br>Test class: TestPages.PLPTest</td>
<td></td>
<td>11</td>
<td>TestPages.PLPTest@710c2b53</td></tr>
<tr>
<td title='TestPages.HomeTest.clickOnkLeatherStrapWatch()'><b>clickOnkLeatherStrapWatch</b><br>Test class: TestPages.HomeTest</td>
<td></td>
<td>0</td>
<td>TestPages.HomeTest@5524cca1</td></tr>
<tr>
<td title='TestPages.HomeTest.clickOnPopularCategoryProducts()'><b>clickOnPopularCategoryProducts</b><br>Test class: TestPages.HomeTest</td>
<td></td>
<td>1</td>
<td>TestPages.HomeTest@5524cca1</td></tr>
<tr>
<td title='TestPages.CheckOutTest.TC_01_VerifyCheckoutVisible()'><b>TC_01_VerifyCheckoutVisible</b><br>Test class: TestPages.CheckOutTest</td>
<td></td>
<td>0</td>
<td>TestPages.CheckOutTest@7ce026d3</td></tr>
</table><p>
</body>
</html>