<?xml version="1.0" encoding="UTF-8"?>
<!-- Generated by org.testng.reporters.JUnitXMLReporter -->
<testsuite ignored="0" hostname="DESKTOP-LL1B83L" failures="0" tests="3" name="MiniCartTest" time="126.724" errors="0" timestamp="2025-12-30T22:36:06 IST">
  <testcase classname="TestPages.MiniCartTest" name="TC_01_QuantityIncrease" time="4.958"/>
  <testcase classname="TestPages.MiniCartTest" name="TC_03_EnterPincode" time="0.492"/>
  <testcase classname="TestPages.MiniCartTest" name="TC_04_GoQuickCheckout" time="0.915"/>
</testsuite> <!-- MiniCartTest -->
