<?xml version="1.0" encoding="UTF-8"?>
<!-- Generated by org.testng.reporters.JUnitXMLReporter -->
<testsuite ignored="0" hostname="DESKTOP-LL1B83L" failures="0" tests="3" name="MiniCartTest" time="118.912" errors="0" timestamp="2025-12-31T14:48:26 IST">
  <testcase classname="TestPages.MiniCartTest" name="TC_01_QuantityIncrease" time="5.141"/>
  <testcase classname="TestPages.MiniCartTest" name="TC_03_EnterPincode" time="0.38"/>
  <testcase classname="TestPages.MiniCartTest" name="TC_04_GoQuickCheckout" time="0.373"/>
</testsuite> <!-- MiniCartTest -->
