<?xml version="1.0" encoding="UTF-8"?>
<!-- Generated by org.testng.reporters.JUnitXMLReporter -->
<testsuite ignored="0" hostname="DESKTOP-LL1B83L" failures="0" tests="6" name="PLPTest" time="132.491" errors="0" timestamp="2025-12-30T22:30:35 IST">
  <testcase classname="TestPages.PLPTest" name="TC_01_ClickOnShowFilterButton" time="2.115"/>
  <testcase classname="TestPages.PLPTest" name="TC_02_BandColorFilter" time="6.586"/>
  <testcase classname="TestPages.PLPTest" name="TC_03_DialColorFilter" time="4.651"/>
  <testcase classname="TestPages.PLPTest" name="TC_04_CaseDiameterFilter" time="4.522"/>
  <testcase classname="TestPages.PLPTest" name="TC_05_BandMaterialFilter" time="4.437"/>
  <testcase classname="TestPages.PLPTest" name="TC_06_ClickOnProduct" time="28.243"/>
</testsuite> <!-- PLPTest -->
