<?xml version="1.0" encoding="UTF-8"?>
<!-- Generated by org.testng.reporters.JUnitXMLReporter -->
<testsuite ignored="0" hostname="DESKTOP-LL1B83L" failures="0" tests="5" name="PLPTest" time="153.159" errors="0" timestamp="2025-12-31T14:43:20 IST">
  <testcase classname="TestPages.PLPTest" name="TC_01_ClickOnShowFilterButton" time="0.281"/>
  <testcase classname="TestPages.PLPTest" name="TC_02_BandColorFilter" time="11.701"/>
  <testcase classname="TestPages.PLPTest" name="TC_03_DialColorFilter" time="11.482"/>
  <testcase classname="TestPages.PLPTest" name="TC_05_BandMaterialFilter" time="11.007"/>
  <testcase classname="TestPages.PLPTest" name="TC_06_ClickOnFirstProduct" time="34.063"/>
</testsuite> <!-- PLPTest -->
