<?xml version="1.0" encoding="UTF-8"?>
<!-- Generated by org.testng.reporters.JUnitXMLReporter -->
<testsuite ignored="8" hostname="DESKTOP-LL1B83L" failures="0" tests="20" name="Test" time="58.81" errors="0" timestamp="2025-12-30T20:53:22 IST">
  <testcase classname="TestPages.PLPTest" name="@BeforeClass init" time="0.001">
    <failure type="java.lang.IllegalArgumentException" message="Driver must be set">
      <![CDATA[java.lang.IllegalArgumentException: Driver must be set
at org.openqa.selenium.internal.Require.nonNull(Require.java:61)
at org.openqa.selenium.interactions.Actions.<init>(Actions.java:64)
at org.openqa.selenium.interactions.Actions.<init>(Actions.java:60)
at Pages.HomePage.<init>(HomePage.java:27)
at TestPages.PLPTest.init(PLPTest.java:19)
at java.base/java.util.ArrayList.forEach(ArrayList.java:1511)
... Removed 25 stack frames]]>
    </failure>
  </testcase> <!-- @BeforeClass init -->
  <testcase classname="TestPages.PDPTest" name="@BeforeClass init" time="0.0">
    <failure type="java.lang.IllegalArgumentException" message="Driver must be set">
      <![CDATA[java.lang.IllegalArgumentException: Driver must be set
at org.openqa.selenium.internal.Require.nonNull(Require.java:61)
at org.openqa.selenium.interactions.Actions.<init>(Actions.java:64)
at org.openqa.selenium.interactions.Actions.<init>(Actions.java:60)
at Pages.HomePage.<init>(HomePage.java:27)
at TestPages.PDPTest.init(PDPTest.java:20)
at java.base/java.util.ArrayList.forEach(ArrayList.java:1511)
... Removed 25 stack frames]]>
    </failure>
  </testcase> <!-- @BeforeClass init -->
  <testcase classname="TestPages.MiniCartTest" name="@BeforeClass initFlow" time="0.0">
    <failure type="java.lang.IllegalArgumentException" message="Driver must be set">
      <![CDATA[java.lang.IllegalArgumentException: Driver must be set
at org.openqa.selenium.internal.Require.nonNull(Require.java:61)
at org.openqa.selenium.interactions.Actions.<init>(Actions.java:64)
at org.openqa.selenium.interactions.Actions.<init>(Actions.java:60)
at Pages.HomePage.<init>(HomePage.java:27)
at TestPages.MiniCartTest.initFlow(MiniCartTest.java:22)
at java.base/java.util.ArrayList.forEach(ArrayList.java:1511)
... Removed 25 stack frames]]>
    </failure>
  </testcase> <!-- @BeforeClass initFlow -->
  <testcase classname="TestPages.CheckOutTest" name="@BeforeClass initFlow" time="0.001">
    <failure type="java.lang.IllegalArgumentException" message="Driver must be set">
      <![CDATA[java.lang.IllegalArgumentException: Driver must be set
at org.openqa.selenium.internal.Require.nonNull(Require.java:61)
at org.openqa.selenium.interactions.Actions.<init>(Actions.java:64)
at org.openqa.selenium.interactions.Actions.<init>(Actions.java:60)
at Pages.HomePage.<init>(HomePage.java:27)
at TestPages.CheckOutTest.initFlow(CheckOutTest.java:24)
at java.base/java.util.ArrayList.forEach(ArrayList.java:1511)
... Removed 25 stack frames]]>
    </failure>
  </testcase> <!-- @BeforeClass initFlow -->
  <testcase classname="TestPages.HomeTest" name="clickOnMarlinShopNow" time="1.636"/>
  <testcase classname="TestPages.HomeTest" name="clickOnLatestReleaseProducts" time="27.639"/>
  <testcase classname="TestPages.HomeTest" name="clickOnPopularCategoryProducts" time="1.443"/>
  <testcase classname="TestPages.HomeTest" name="clickOnkLeatherStrapWatch" time="0.45"/>
  <testcase classname="TestPages.HomeTest" name="clicOnkMoreToLoveSection" time="1.464"/>
  <testcase classname="TestPages.HomeTest" name="clicOnWatchesCategory" time="25.955"/>
  <testcase classname="TestPages.PLPTest" name="TC_01_ClickOnShowFilterButton" time="0.0">
    <skipped/>
  </testcase> <!-- TC_01_ClickOnShowFilterButton -->
  <testcase classname="TestPages.PLPTest" name="TC_02_BandColorFilter" time="0.0">
    <skipped/>
  </testcase> <!-- TC_02_BandColorFilter -->
  <testcase classname="TestPages.PLPTest" name="TC_03_DialColorFilter" time="0.0">
    <skipped/>
  </testcase> <!-- TC_03_DialColorFilter -->
  <testcase classname="TestPages.PLPTest" name="TC_04_CaseDiameterFilter" time="0.0">
    <skipped/>
  </testcase> <!-- TC_04_CaseDiameterFilter -->
  <testcase classname="TestPages.PLPTest" name="TC_05_BandMaterialFilter" time="0.0">
    <skipped/>
  </testcase> <!-- TC_05_BandMaterialFilter -->
  <testcase classname="TestPages.PLPTest" name="TC_06_ClickOnProduct" time="0.0">
    <skipped/>
  </testcase> <!-- TC_06_ClickOnProduct -->
  <testcase classname="TestPages.PDPTest" name="TC_01_clickOnProductRecommendations" time="0.0">
    <skipped/>
  </testcase> <!-- TC_01_clickOnProductRecommendations -->
  <testcase classname="TestPages.PDPTest" name="TC_02_addProductToCartProduct" time="0.0">
    <skipped/>
  </testcase> <!-- TC_02_addProductToCartProduct -->
  <testcase classname="TestPages.MiniCartTest" name="TC_01_QuantityIncrease" time="0.0">
    <skipped/>
  </testcase> <!-- TC_01_QuantityIncrease -->
  <testcase classname="TestPages.MiniCartTest" name="TC_02_QuantityDecrease" time="0.0">
    <skipped/>
  </testcase> <!-- TC_02_QuantityDecrease -->
  <testcase classname="TestPages.MiniCartTest" name="TC_03_EnterPincode" time="0.0">
    <skipped/>
  </testcase> <!-- TC_03_EnterPincode -->
  <testcase classname="TestPages.MiniCartTest" name="TC_04_GoQuickCheckout" time="0.0">
    <skipped/>
  </testcase> <!-- TC_04_GoQuickCheckout -->
  <testcase classname="TestPages.CheckOutTest" name="TC_01_VerifyCheckoutVisible" time="0.001">
    <skipped/>
  </testcase> <!-- TC_01_VerifyCheckoutVisible -->
  <testcase classname="TestPages.CheckOutTest" name="TC_02_VerifyCheckoutEnabled" time="0.001">
    <skipped/>
  </testcase> <!-- TC_02_VerifyCheckoutEnabled -->
  <testcase classname="Base.BaseClass" name="@AfterSuite tearDownClass" time="0.0">
    <ignored/>
  </testcase> <!-- @AfterSuite tearDownClass -->
  <testcase classname="Base.BaseClass" name="@AfterSuite tearDownClass" time="0.0">
    <ignored/>
  </testcase> <!-- @AfterSuite tearDownClass -->
  <testcase classname="Base.BaseClass" name="@AfterSuite tearDownClass" time="0.0">
    <ignored/>
  </testcase> <!-- @AfterSuite tearDownClass -->
  <testcase classname="Base.BaseClass" name="@BeforeSuite setUpClass" time="0.0">
    <ignored/>
  </testcase> <!-- @BeforeSuite setUpClass -->
  <testcase classname="Base.BaseClass" name="@BeforeSuite setUpClass" time="0.0">
    <ignored/>
  </testcase> <!-- @BeforeSuite setUpClass -->
  <testcase classname="Base.BaseClass" name="@AfterSuite tearDownClass" time="0.0">
    <ignored/>
  </testcase> <!-- @AfterSuite tearDownClass -->
  <testcase classname="Base.BaseClass" name="@BeforeSuite setUpClass" time="0.0">
    <ignored/>
  </testcase> <!-- @BeforeSuite setUpClass -->
  <testcase classname="Base.BaseClass" name="@BeforeSuite setUpClass" time="0.0">
    <ignored/>
  </testcase> <!-- @BeforeSuite setUpClass -->
</testsuite> <!-- Test -->
