<?xml version="1.0" encoding="UTF-8"?>
<!-- Generated by org.testng.reporters.JUnitXMLReporter -->
<testsuite ignored="0" hostname="DESKTOP-LL1B83L" failures="0" tests="5" name="PLPTest" time="133.052" errors="0" timestamp="2025-12-31T14:54:55 IST">
  <testcase classname="TestPages.PLPTest" name="TC_01_ClickOnShowFilterButton" time="0.127"/>
  <testcase classname="TestPages.PLPTest" name="TC_02_BandColorFilter" time="10.814"/>
  <testcase classname="TestPages.PLPTest" name="TC_03_DialColorFilter" time="10.657"/>
  <testcase classname="TestPages.PLPTest" name="TC_05_BandMaterialFilter" time="10.571"/>
  <testcase classname="TestPages.PLPTest" name="TC_06_ClickOnFirstProduct" time="22.826"/>
</testsuite> <!-- PLPTest -->
