<?xml version="1.0" encoding="UTF-8"?>
<!-- Generated by org.testng.reporters.JUnitXMLReporter -->
<testsuite ignored="0" hostname="DESKTOP-LL1B83L" failures="0" tests="6" name="01 - HOME (Homepage group)" time="98.695" errors="0" timestamp="2026-02-09T22:22:50 IST">
  <testcase classname="TestPages.HomeTest" name="ClickOnMarlinShopNow" time="2.251"/>
  <testcase classname="TestPages.HomeTest" name="ClickOnLatestReleaseProducts" time="71.798"/>
  <testcase classname="TestPages.HomeTest" name="clickOnPopularCategoryProducts" time="4.316"/>
  <testcase classname="TestPages.HomeTest" name="ClickOnLeatherStrapWatchButton" time="3.427"/>
  <testcase classname="TestPages.HomeTest" name="ClickOnMoreToLoveSection" time="2.052"/>
  <testcase classname="TestPages.HomeTest" name="ClickOnWatchesCategory" time="4.931"/>
</testsuite> <!-- 01 - HOME (Homepage group) -->
