<?xml version="1.0" encoding="UTF-8"?>
<!-- Generated by org.testng.reporters.JUnitXMLReporter -->
<testsuite ignored="0" hostname="DESKTOP-LL1B83L" failures="0" tests="6" name="01 - HOME (homepage group)" time="106.75" errors="0" timestamp="2026-02-08T22:29:08 IST">
  <testcase classname="TestPages.HomeTest" name="ClickOnMarlinShopNow" time="9.292"/>
  <testcase classname="TestPages.HomeTest" name="ClickOnLatestReleaseProducts" time="67.228"/>
  <testcase classname="TestPages.HomeTest" name="clickOnPopularCategoryProducts" time="2.384"/>
  <testcase classname="TestPages.HomeTest" name="ClickOnLeatherStrapWatchButton" time="2.29"/>
  <testcase classname="TestPages.HomeTest" name="ClickOnMoreToLoveSection" time="1.842"/>
  <testcase classname="TestPages.HomeTest" name="ClickOnWatchesCategory" time="4.356"/>
</testsuite> <!-- 01 - HOME (homepage group) -->
