<?xml version="1.0" encoding="UTF-8"?>
<!-- Generated by org.testng.reporters.JUnitXMLReporter -->
<testsuite ignored="0" hostname="DESKTOP-LL1B83L" failures="0" tests="7" name="02 - PLP (plp group)" time="134.314" errors="0" timestamp="2026-02-08T22:31:22 IST">
  <testcase classname="TestPages.PLPTest" name="clickOnShowFilter" time="0.571"/>
  <testcase classname="TestPages.PLPTest" name="closegenderandpriceFilter" time="1.523"/>
  <testcase classname="TestPages.PLPTest" name="ClickOnBandColorFilter" time="27.96"/>
  <testcase classname="TestPages.PLPTest" name="ClickOnDialColorFilter" time="27.892"/>
  <testcase classname="TestPages.PLPTest" name="ClickOnCaseDiameterFilter" time="27.733"/>
  <testcase classname="TestPages.PLPTest" name="ClickOnBandMaterialcolorFilter" time="27.853"/>
  <testcase classname="TestPages.PLPTest" name="clickOnProducts" time="4.649"/>
</testsuite> <!-- 02 - PLP (plp group) -->
