<?xml version="1.0" encoding="UTF-8"?>
<!-- Generated by org.testng.reporters.JUnitXMLReporter -->
<testsuite ignored="0" hostname="DESKTOP-LL1B83L" failures="1" tests="7" name="02 - PLP (PLP group)" time="131.767" errors="0" timestamp="2026-02-09T22:25:02 IST">
  <testcase classname="TestPages.PLPTest" name="clickOnShowFilter" time="0.228"/>
  <testcase classname="TestPages.PLPTest" name="closegenderandpriceFilter" time="1.233"/>
  <testcase classname="TestPages.PLPTest" name="ClickOnBandColorFilter" time="27.463">
    <failure type="java.lang.AssertionError" message="Expected product count does not match filtered result expected [54] but found [52]">
      <![CDATA[java.lang.AssertionError: Expected product count does not match filtered result expected [54] but found [52]
at Pages.PLPPage.validateProductCount(PLPPage.java:285)
at Pages.PLPPage.openandselectbandcolorfilter(PLPPage.java:126)
at TestPages.PLPTest.ClickOnBandColorFilter(PLPTest.java:48)
at java.base/java.util.ArrayList.forEach(ArrayList.java:1511)
... Removed 33 stack frames]]>
    </failure>
  </testcase> <!-- ClickOnBandColorFilter -->
  <testcase classname="TestPages.PLPTest" name="ClickOnDialColorFilter" time="27.47"/>
  <testcase classname="TestPages.PLPTest" name="ClickOnCaseDiameterFilter" time="27.275"/>
  <testcase classname="TestPages.PLPTest" name="ClickOnBandMaterialcolorFilter" time="27.209"/>
  <testcase classname="TestPages.PLPTest" name="clickOnProducts" time="2.96"/>
</testsuite> <!-- 02 - PLP (PLP group) -->
