<?xml version="1.0" encoding="UTF-8"?>
<!-- Generated by org.testng.reporters.JUnitXMLReporter -->
<testsuite ignored="0" hostname="DESKTOP-LL1B83L" failures="0" tests="2" name="04 - MINICART (MiniCart group)" time="37.433" errors="0" timestamp="2026-02-09T22:26:26 IST">
  <testcase classname="TestPages.MiniCartTest" name="EnterPincode" time="6.455"/>
  <testcase classname="TestPages.MiniCartTest" name="ClickOnGoQuickCheckoutButton" time="6.481"/>
</testsuite> <!-- 04 - MINICART (MiniCart group) -->
