<?xml version="1.0" encoding="UTF-8"?>
<!-- Generated by org.testng.reporters.JUnitXMLReporter -->
<testsuite ignored="0" hostname="DESKTOP-LL1B83L" failures="0" tests="2" name="04 - MINICART (minicart group)" time="33.245" errors="0" timestamp="2026-02-08T22:32:37 IST">
  <testcase classname="TestPages.MiniCartTest" name="EnterPincode" time="6.658"/>
  <testcase classname="TestPages.MiniCartTest" name="ClickOnGoQuickCheckoutButton" time="6.609"/>
</testsuite> <!-- 04 - MINICART (minicart group) -->
