<?xml version="1.0" encoding="UTF-8"?>
<!-- Generated by org.testng.reporters.JUnitXMLReporter -->
<testsuite ignored="0" hostname="DESKTOP-LL1B83L" failures="0" tests="2" name="05 - CHECKOUT (CheckOut group)" time="34.589" errors="0" timestamp="2026-02-09T22:27:01 IST">
  <testcase classname="TestPages.CheckOutTest" name="VerifyCheckoutVisible" time="0.658"/>
  <testcase classname="TestPages.CheckOutTest" name="VerifyCheckoutEnabled" time="0.672"/>
</testsuite> <!-- 05 - CHECKOUT (CheckOut group) -->
