<?xml version="1.0" encoding="UTF-8"?>
<!-- Generated by org.testng.reporters.JUnitXMLReporter -->
<testsuite ignored="0" hostname="DESKTOP-LL1B83L" failures="0" tests="2" name="05 - CHECKOUT (checkout group)" time="37.085" errors="0" timestamp="2026-02-08T22:33:14 IST">
  <testcase classname="TestPages.CheckOutTest" name="VerifyCheckoutVisible" time="2.013"/>
  <testcase classname="TestPages.CheckOutTest" name="VerifyCheckoutEnabled" time="0.23"/>
</testsuite> <!-- 05 - CHECKOUT (checkout group) -->
