<?xml version="1.0" encoding="UTF-8"?>
<!-- Generated by org.testng.reporters.JUnitXMLReporter -->
<testsuite ignored="0" hostname="DESKTOP-LL1B83L" failures="1" tests="18" name="Home and other Test" time="543.591" errors="0" timestamp="2026-01-21T14:54:03 IST">
  <testcase classname="TestPages.HomeTest" name="ClickOnMarlinShopNow" time="0.283"/>
  <testcase classname="TestPages.HomeTest" name="ClickOnLatestReleaseProducts" time="4.192"/>
  <testcase classname="TestPages.HomeTest" name="clickOnPopularCategoryProducts" time="0.186"/>
  <testcase classname="TestPages.HomeTest" name="ClickOnLeatherStrapWatchButton" time="0.203"/>
  <testcase classname="TestPages.HomeTest" name="ClickOnMoreToLoveSection" time="0.22"/>
  <testcase classname="TestPages.HomeTest" name="ClickOnWatchesCategory" time="23.006"/>
  <testcase classname="TestPages.PLPTest" name="ClickOnShowFilterButton" time="0.042"/>
  <testcase classname="TestPages.PLPTest" name="ClickOnBandColorFilter" time="16.537">
    <failure type="java.lang.AssertionError" message="Failed to Click on Band Color Filter Option">
      <![CDATA[java.lang.AssertionError: Failed to Click on Band Color Filter Option
at TestPages.PLPTest.ClickOnBandColorFilter(PLPTest.java:44)
at java.base/java.util.ArrayList.forEach(ArrayList.java:1511)
... Removed 28 stack frames]]>
    </failure>
  </testcase> <!-- ClickOnBandColorFilter -->
  <testcase classname="TestPages.PLPTest" name="TC_03_DialColorFilter" time="32.721"/>
  <testcase classname="TestPages.PLPTest" name="ClickOnBandMaterialFilter" time="32.848"/>
  <testcase classname="TestPages.PLPTest" name="ClickOnFirstProduct" time="22.777"/>
  <testcase classname="TestPages.PDPTest" name="TC_ClickOnRecommendationsProducts" time="12.178"/>
  <testcase classname="TestPages.PDPTest" name="ClickOnAddToCartButton" time="2.275"/>
  <testcase classname="TestPages.MiniCartTest" name="ProductQuantityIncrease" time="4.04"/>
  <testcase classname="TestPages.MiniCartTest" name="EnterPincode" time="0.201"/>
  <testcase classname="TestPages.MiniCartTest" name="ClickOnGoQuickCheckoutButton" time="0.086"/>
  <testcase classname="TestPages.CheckOutTest" name="VerifyCheckoutVisible" time="0.753"/>
  <testcase classname="TestPages.CheckOutTest" name="VerifyCheckoutEnabled" time="0.404"/>
</testsuite> <!-- Home and other Test -->
