<?xml version="1.0" encoding="UTF-8"?>
<!-- Generated by org.testng.reporters.JUnitXMLReporter -->
<testsuite ignored="0" hostname="DESKTOP-0INDAG6" failures="3" tests="18" name="Home and other Test" time="175.501" errors="0" timestamp="2026-01-30T10:25:05 IST">
  <testcase classname="TestPages.HomeTest" name="ClickOnMarlinShopNow" time="0.364"/>
  <testcase classname="TestPages.HomeTest" name="ClickOnLatestReleaseProducts" time="4.339"/>
  <testcase classname="TestPages.HomeTest" name="clickOnPopularCategoryProducts" time="0.388"/>
  <testcase classname="TestPages.HomeTest" name="ClickOnLeatherStrapWatchButton" time="0.175"/>
  <testcase classname="TestPages.HomeTest" name="ClickOnMoreToLoveSection" time="0.178"/>
  <testcase classname="TestPages.HomeTest" name="ClickOnWatchesCategory" time="3.723"/>
  <testcase classname="TestPages.PLPTest" name="ClickOnShowFilterButton" time="0.337"/>
  <testcase classname="TestPages.PLPTest" name="ClickOnBandColorFilter" time="22.049">
    <failure type="java.lang.AssertionError" message="Failed to Click on Band Color Filter Option">
      <![CDATA[java.lang.AssertionError: Failed to Click on Band Color Filter Option
at TestPages.PLPTest.ClickOnBandColorFilter(PLPTest.java:44)
at java.base/java.util.ArrayList.forEach(ArrayList.java:1511)
... Removed 28 stack frames]]>
    </failure>
  </testcase> <!-- ClickOnBandColorFilter -->
  <testcase classname="TestPages.PLPTest" name="TC_03_DialColorFilter" time="5.447">
    <failure type="java.lang.AssertionError" message="Failed to Click on Dial Color Filter Option">
      <![CDATA[java.lang.AssertionError: Failed to Click on Dial Color Filter Option
at TestPages.PLPTest.TC_03_DialColorFilter(PLPTest.java:54)
at java.base/java.util.ArrayList.forEach(ArrayList.java:1511)
... Removed 28 stack frames]]>
    </failure>
  </testcase> <!-- TC_03_DialColorFilter -->
  <testcase classname="TestPages.PLPTest" name="ClickOnBandMaterialFilter" time="21.635">
    <failure type="java.lang.AssertionError" message="Failed to Click on Band Material Filter Option">
      <![CDATA[java.lang.AssertionError: Failed to Click on Band Material Filter Option
at TestPages.PLPTest.ClickOnBandMaterialFilter(PLPTest.java:64)
at java.base/java.util.ArrayList.forEach(ArrayList.java:1511)
... Removed 28 stack frames]]>
    </failure>
  </testcase> <!-- ClickOnBandMaterialFilter -->
  <testcase classname="TestPages.PLPTest" name="ClickOnFirstProduct" time="1.927"/>
  <testcase classname="TestPages.PDPTest" name="TC_ClickOnRecommendationsProducts" time="11.672"/>
  <testcase classname="TestPages.PDPTest" name="ClickOnAddToCartButton" time="2.228"/>
  <testcase classname="TestPages.MiniCartTest" name="ProductQuantityIncrease" time="3.995"/>
  <testcase classname="TestPages.MiniCartTest" name="EnterPincode" time="0.147"/>
  <testcase classname="TestPages.MiniCartTest" name="ClickOnGoQuickCheckoutButton" time="0.249"/>
  <testcase classname="TestPages.CheckOutTest" name="VerifyCheckoutVisible" time="4.492"/>
  <testcase classname="TestPages.CheckOutTest" name="VerifyCheckoutEnabled" time="2.663"/>
</testsuite> <!-- Home and other Test -->
