<?xml version="1.0" encoding="UTF-8"?>
<!-- Generated by org.testng.reporters.JUnitXMLReporter -->
<testsuite ignored="0" hostname="DESKTOP-LL1B83L" failures="0" tests="20" name="Home and other Test" time="292.319" errors="0" timestamp="2026-02-06T17:33:35 IST">
  <testcase classname="TestPages.HomeTest" name="ClickOnMarlinShopNow" time="3.344"/>
  <testcase classname="TestPages.HomeTest" name="ClickOnLatestReleaseProducts" time="52.444"/>
  <testcase classname="TestPages.HomeTest" name="clickOnPopularCategoryProducts" time="1.988"/>
  <testcase classname="TestPages.HomeTest" name="ClickOnLeatherStrapWatchButton" time="2.642"/>
  <testcase classname="TestPages.HomeTest" name="ClickOnMoreToLoveSection" time="1.973"/>
  <testcase classname="TestPages.HomeTest" name="ClickOnWatchesCategory" time="2.459"/>
  <testcase classname="TestPages.PLPTest" name="clickOnShowFilter" time="0.737"/>
  <testcase classname="TestPages.PLPTest" name="closegenderandpriceFilter" time="1.371"/>
  <testcase classname="TestPages.PLPTest" name="ClickOnBandColorFilter" time="27.378"/>
  <testcase classname="TestPages.PLPTest" name="ClickOnDialColorFilter" time="27.088"/>
  <testcase classname="TestPages.PLPTest" name="ClickOnCaseDiameterFilter" time="27.168"/>
  <testcase classname="TestPages.PLPTest" name="ClickOnBandMaterialcolorFilter" time="27.099"/>
  <testcase classname="TestPages.PLPTest" name="clickOnFirstProduct" time="8.668"/>
  <testcase classname="TestPages.PDPTest" name="TC_ClickOnRecommendationsProducts" time="12.498"/>
  <testcase classname="TestPages.PDPTest" name="ClickOnAddToCartButton" time="1.541"/>
  <testcase classname="TestPages.MiniCartTest" name="ProductQuantityIncrease" time="4.8"/>
  <testcase classname="TestPages.MiniCartTest" name="EnterPincode" time="0.284"/>
  <testcase classname="TestPages.MiniCartTest" name="ClickOnGoQuickCheckoutButton" time="0.348"/>
  <testcase classname="TestPages.CheckOutTest" name="VerifyCheckoutVisible" time="1.746"/>
  <testcase classname="TestPages.CheckOutTest" name="VerifyCheckoutEnabled" time="0.281"/>
</testsuite> <!-- Home and other Test -->
