<?xml version="1.0" encoding="UTF-8"?>
<!-- Generated by org.testng.reporters.JUnitXMLReporter -->
<testsuite ignored="0" hostname="DESKTOP-LL1B83L" failures="0" tests="20" name="Home and other Test" time="264.518" errors="0" timestamp="2026-02-05T18:51:31 IST">
  <testcase classname="TestPages.HomeTest" name="ClickOnMarlinShopNow" time="0.708"/>
  <testcase classname="TestPages.HomeTest" name="ClickOnLatestReleaseProducts" time="5.605"/>
  <testcase classname="TestPages.HomeTest" name="clickOnPopularCategoryProducts" time="0.295"/>
  <testcase classname="TestPages.HomeTest" name="ClickOnLeatherStrapWatchButton" time="0.399"/>
  <testcase classname="TestPages.HomeTest" name="ClickOnMoreToLoveSection" time="0.249"/>
  <testcase classname="TestPages.HomeTest" name="ClickOnWatchesCategory" time="4.598"/>
  <testcase classname="TestPages.PLPTest" name="clickOnShowFilter" time="0.368"/>
  <testcase classname="TestPages.PLPTest" name="closegenderandpriceFilter" time="1.062"/>
  <testcase classname="TestPages.PLPTest" name="ClickOnBandColorFilter" time="29.316"/>
  <testcase classname="TestPages.PLPTest" name="ClickOnDialColorFilter" time="42.878"/>
  <testcase classname="TestPages.PLPTest" name="ClickOnCaseDiameterFilter" time="32.33"/>
  <testcase classname="TestPages.PLPTest" name="ClickOnBandMaterialcolorFilter" time="34.854"/>
  <testcase classname="TestPages.PLPTest" name="clickOnFirstProduct" time="3.752"/>
  <testcase classname="TestPages.PDPTest" name="TC_ClickOnRecommendationsProducts" time="12.7"/>
  <testcase classname="TestPages.PDPTest" name="ClickOnAddToCartButton" time="1.697"/>
  <testcase classname="TestPages.MiniCartTest" name="ProductQuantityIncrease" time="5.708"/>
  <testcase classname="TestPages.MiniCartTest" name="EnterPincode" time="0.867"/>
  <testcase classname="TestPages.MiniCartTest" name="ClickOnGoQuickCheckoutButton" time="0.498"/>
  <testcase classname="TestPages.CheckOutTest" name="VerifyCheckoutVisible" time="0.835"/>
  <testcase classname="TestPages.CheckOutTest" name="VerifyCheckoutEnabled" time="0.58"/>
</testsuite> <!-- Home and other Test -->
