<?xml version="1.0" encoding="UTF-8"?>
<!-- Generated by org.testng.reporters.JUnitXMLReporter -->
<testsuite ignored="0" hostname="DESKTOP-LL1B83L" failures="1" tests="18" name="Home and other Test" time="265.862" errors="0" timestamp="2026-01-15T15:52:09 IST">
  <testcase classname="TestPages.HomeTest" name="ClickOnMarlinShopNow" time="1.647"/>
  <testcase classname="TestPages.HomeTest" name="ClickOnLatestReleaseProducts" time="29.54"/>
  <testcase classname="TestPages.HomeTest" name="clickOnPopularCategoryProducts" time="1.711"/>
  <testcase classname="TestPages.HomeTest" name="ClickOnLeatherStrapWatchButton" time="0.318"/>
  <testcase classname="TestPages.HomeTest" name="ClickOnMoreToLoveSection" time="1.603"/>
  <testcase classname="TestPages.HomeTest" name="ClickOnWatchesCategory" time="7.993"/>
  <testcase classname="TestPages.PLPTest" name="ClickOnShowFilterButton" time="0.096"/>
  <testcase classname="TestPages.PLPTest" name="ClickOnBandColorFilter" time="16.593">
    <failure type="java.lang.AssertionError" message="Failed to Click on Band Color Filter Option">
      <![CDATA[java.lang.AssertionError: Failed to Click on Band Color Filter Option
at TestPages.PLPTest.ClickOnBandColorFilter(PLPTest.java:44)
at java.base/java.util.ArrayList.forEach(ArrayList.java:1511)
... Removed 28 stack frames]]>
    </failure>
  </testcase> <!-- ClickOnBandColorFilter -->
  <testcase classname="TestPages.PLPTest" name="TC_03_DialColorFilter" time="10.524"/>
  <testcase classname="TestPages.PLPTest" name="ClickOnBandMaterialFilter" time="11.591"/>
  <testcase classname="TestPages.PLPTest" name="ClickOnFirstProduct" time="3.405"/>
  <testcase classname="TestPages.PDPTest" name="TC_ClickOnRecommendationsProducts" time="77.675"/>
  <testcase classname="TestPages.PDPTest" name="ClickOnAddToCartButton" time="4.29"/>
  <testcase classname="TestPages.MiniCartTest" name="ProductQuantityIncrease" time="4.224"/>
  <testcase classname="TestPages.MiniCartTest" name="EnterPincode" time="0.239"/>
  <testcase classname="TestPages.MiniCartTest" name="ClickOnGoQuickCheckoutButton" time="0.193"/>
  <testcase classname="TestPages.CheckOutTest" name="VerifyCheckoutVisible" time="0.537"/>
  <testcase classname="TestPages.CheckOutTest" name="VerifyCheckoutEnabled" time="0.53"/>
</testsuite> <!-- Home and other Test -->
