<?xml version="1.0" encoding="UTF-8"?>
<testsuite xmlns:xsi="http://www.w3.org/2001/XMLSchema-instance" xsi:noNamespaceSchemaLocation="https://maven.apache.org/surefire/maven-surefire-plugin/xsd/surefire-test-report-3.0.xsd" version="3.0" name="TestSuite" time="202.122" tests="18" errors="0" skipped="0" failures="1">
  <properties>
[...]
</properties>
  <testcase name="ClickOnMarlinShopNow" classname="TestPages.HomeTest" time="0.319">
    <system-err><![CDATA[[main] INFO io.github.bonigarcia.wdm.WebDriverManager - Using chromedriver 143.0.7499.192 (resolved driver for Chrome 143)
[main] INFO io.github.bonigarcia.wdm.WebDriverManager - Exporting webdriver.chrome.driver as C:\Users\LyxelFlamingo\.cache\selenium\chromedriver\win64\143.0.7499.192\chromedriver.exe
Jan 27, 2026 6:00:35 PM org.openqa.selenium.devtools.CdpVersionFinder findNearestMatch
WARNING: Unable to find CDP implementation matching 143
Jan 27, 2026 6:00:35 PM org.openqa.selenium.chromium.ChromiumDriver lambda$new$5
WARNING: Unable to find version of CDP to use for 143.0.7499.193. You may need to include a dependency on a specific version of the CDP using something similar to `org.seleniumhq.selenium:selenium-devtools-v86:4.25.0` where the version ("v86") matches the version of the chromium-based browser you're using and the version number of the artifact is the same as Selenium's.
]]></system-err>
  </testcase>
  <testcase name="ClickOnLatestReleaseProducts" classname="TestPages.HomeTest" time="4.687"/>
  <testcase name="clickOnPopularCategoryProducts" classname="TestPages.HomeTest" time="0.261"/>
  <testcase name="ClickOnLeatherStrapWatchButton" classname="TestPages.HomeTest" time="0.253"/>
  <testcase name="ClickOnMoreToLoveSection" classname="TestPages.HomeTest" time="0.146"/>
  <testcase name="ClickOnWatchesCategory" classname="TestPages.HomeTest" time="3.674">
    <system-out><![CDATA[Retrying Test 7 due to: org.openqa.selenium.ElementClickInterceptedException: element click intercepted: Element is not clickable at point (66, -40)
  (Session info: chrome=143.0.7499.193)
Build info: version: '4.25.0', revision: '8a8aea2337'
System info: os.name: 'Windows 11', os.arch: 'amd64', os.version: '10.0', java.version: '17.0.8'
Driver info: org.openqa.selenium.chrome.ChromeDriver
Command: [e8c92f94d2733e46b8ed944b3fd089f6, clickElement {id=f.1DF97B455759CC6307ADFCFD9D940772.d.03FCAFC6DBA71AAFFF9469E14EB3937B.e.9077}]
Capabilities {acceptInsecureCerts: false, browserName: chrome, browserVersion: 143.0.7499.193, chrome: {chromedriverVersion: 143.0.7499.192 (be2c1f4fd45..., userDataDir: C:\Users\LYXELF~1\AppData\L...}, fedcm:accounts: true, goog:chromeOptions: {debuggerAddress: localhost:61793}, goog:processID: 26076, networkConnectionEnabled: false, pageLoadStrategy: normal, platformName: windows, proxy: Proxy(), se:cdp: ws://localhost:61793/devtoo..., se:cdpVersion: 143.0.7499.193, setWindowRect: true, strictFileInteractability: false, timeouts: {implicit: 0, pageLoad: 300000, script: 30000}, unhandledPromptBehavior: dismiss and notify, webauthn:extension:credBlob: true, webauthn:extension:largeBlob: true, webauthn:extension:minPinLength: true, webauthn:extension:prf: true, webauthn:virtualAuthenticators: true}
Element: [[ChromeDriver: chrome on windows (e8c92f94d2733e46b8ed944b3fd089f6)] -> xpath: //a[contains(@class,'nav_link_timex')]]
Session ID: e8c92f94d2733e46b8ed944b3fd089f6
]]></system-out>
  </testcase>
  <testcase name="ClickOnShowFilterButton" classname="TestPages.PLPTest" time="0.034">
    <system-err><![CDATA[[main] INFO io.github.bonigarcia.wdm.WebDriverManager - Using chromedriver 143.0.7499.192 (resolved driver for Chrome 143)
[main] INFO io.github.bonigarcia.wdm.WebDriverManager - Exporting webdriver.chrome.driver as C:\Users\LyxelFlamingo\.cache\selenium\chromedriver\win64\143.0.7499.192\chromedriver.exe
Jan 27, 2026 6:00:55 PM org.openqa.selenium.devtools.CdpVersionFinder findNearestMatch
WARNING: Unable to find CDP implementation matching 143
Jan 27, 2026 6:00:55 PM org.openqa.selenium.chromium.ChromiumDriver lambda$new$5
WARNING: Unable to find version of CDP to use for 143.0.7499.193. You may need to include a dependency on a specific version of the CDP using something similar to `org.seleniumhq.selenium:selenium-devtools-v86:4.25.0` where the version ("v86") matches the version of the chromium-based browser you're using and the version number of the artifact is the same as Selenium's.
]]></system-err>
  </testcase>
  <testcase name="ClickOnBandColorFilter" classname="TestPages.PLPTest" time="16.513">
    <failure message="Failed to Click on Band Color Filter Option" type="java.lang.AssertionError"><![CDATA[java.lang.AssertionError: Failed to Click on Band Color Filter Option
	at org.testng.Assert.fail(Assert.java:110)
	at TestPages.PLPTest.ClickOnBandColorFilter(PLPTest.java:44)
	at java.base/jdk.internal.reflect.NativeMethodAccessorImpl.invoke0(Native Method)
	at java.base/jdk.internal.reflect.NativeMethodAccessorImpl.invoke(NativeMethodAccessorImpl.java:77)
	at java.base/jdk.internal.reflect.DelegatingMethodAccessorImpl.invoke(DelegatingMethodAccessorImpl.java:43)
	at java.base/java.lang.reflect.Method.invoke(Method.java:568)
	at org.testng.internal.invokers.MethodInvocationHelper.invokeMethod(MethodInvocationHelper.java:139)
	at org.testng.internal.invokers.TestInvoker.invokeMethod(TestInvoker.java:677)
	at org.testng.internal.invokers.TestInvoker.invokeTestMethod(TestInvoker.java:221)
	at org.testng.internal.invokers.MethodRunner.runInSequence(MethodRunner.java:50)
	at org.testng.internal.invokers.TestInvoker$MethodInvocationAgent.invoke(TestInvoker.java:969)
	at org.testng.internal.invokers.TestInvoker.invokeTestMethods(TestInvoker.java:194)
	at org.testng.internal.invokers.TestMethodWorker.invokeTestMethods(TestMethodWorker.java:148)
	at org.testng.internal.invokers.TestMethodWorker.run(TestMethodWorker.java:128)
	at java.base/java.util.ArrayList.forEach(ArrayList.java:1511)
	at org.testng.TestRunner.privateRun(TestRunner.java:829)
	at org.testng.TestRunner.run(TestRunner.java:602)
	at org.testng.SuiteRunner.runTest(SuiteRunner.java:437)
	at org.testng.SuiteRunner.runSequentially(SuiteRunner.java:431)
	at org.testng.SuiteRunner.privateRun(SuiteRunner.java:391)
	at org.testng.SuiteRunner.run(SuiteRunner.java:330)
	at org.testng.SuiteRunnerWorker.runSuite(SuiteRunnerWorker.java:52)
	at org.testng.SuiteRunnerWorker.run(SuiteRunnerWorker.java:95)
	at org.testng.TestNG.runSuitesSequentially(TestNG.java:1256)
	at org.testng.TestNG.runSuitesLocally(TestNG.java:1176)
	at org.testng.TestNG.runSuites(TestNG.java:1099)
	at org.testng.TestNG.run(TestNG.java:1067)
	at org.apache.maven.surefire.testng.TestNGExecutor.run(TestNGExecutor.java:308)
	at org.apache.maven.surefire.testng.TestNGXmlTestSuite.execute(TestNGXmlTestSuite.java:71)
	at org.apache.maven.surefire.testng.TestNGProvider.invoke(TestNGProvider.java:113)
	at org.apache.maven.surefire.booter.ForkedBooter.runSuitesInProcess(ForkedBooter.java:385)
	at org.apache.maven.surefire.booter.ForkedBooter.execute(ForkedBooter.java:162)
	at org.apache.maven.surefire.booter.ForkedBooter.run(ForkedBooter.java:507)
	at org.apache.maven.surefire.booter.ForkedBooter.main(ForkedBooter.java:495)
]]></failure>
  </testcase>
  <testcase name="TC_03_DialColorFilter" classname="TestPages.PLPTest" time="32.551"/>
  <testcase name="ClickOnBandMaterialFilter" classname="TestPages.PLPTest" time="32.63"/>
  <testcase name="ClickOnFirstProduct" classname="TestPages.PLPTest" time="9.959"/>
  <testcase name="TC_ClickOnRecommendationsProducts" classname="TestPages.PDPTest" time="11.544">
    <system-err><![CDATA[[main] INFO io.github.bonigarcia.wdm.WebDriverManager - Using chromedriver 143.0.7499.192 (resolved driver for Chrome 143)
[main] INFO io.github.bonigarcia.wdm.WebDriverManager - Exporting webdriver.chrome.driver as C:\Users\LyxelFlamingo\.cache\selenium\chromedriver\win64\143.0.7499.192\chromedriver.exe
Jan 27, 2026 6:02:35 PM org.openqa.selenium.devtools.CdpVersionFinder findNearestMatch
WARNING: Unable to find CDP implementation matching 143
Jan 27, 2026 6:02:35 PM org.openqa.selenium.chromium.ChromiumDriver lambda$new$5
WARNING: Unable to find version of CDP to use for 143.0.7499.193. You may need to include a dependency on a specific version of the CDP using something similar to `org.seleniumhq.selenium:selenium-devtools-v86:4.25.0` where the version ("v86") matches the version of the chromium-based browser you're using and the version number of the artifact is the same as Selenium's.
]]></system-err>
  </testcase>
  <testcase name="ClickOnAddToCartButton" classname="TestPages.PDPTest" time="2.727">
    <system-out><![CDATA[✔ Product added to cart
]]></system-out>
  </testcase>
  <testcase name="ProductQuantityIncrease" classname="TestPages.MiniCartTest" time="3.864">
    <system-out><![CDATA[✔ Product added to cart
✔ Quantity increased successfully: 4
]]></system-out>
    <system-err><![CDATA[[main] INFO io.github.bonigarcia.wdm.WebDriverManager - Using chromedriver 143.0.7499.192 (resolved driver for Chrome 143)
[main] INFO io.github.bonigarcia.wdm.WebDriverManager - Exporting webdriver.chrome.driver as C:\Users\LyxelFlamingo\.cache\selenium\chromedriver\win64\143.0.7499.192\chromedriver.exe
Jan 27, 2026 6:03:12 PM org.openqa.selenium.devtools.CdpVersionFinder findNearestMatch
WARNING: Unable to find CDP implementation matching 143
Jan 27, 2026 6:03:12 PM org.openqa.selenium.chromium.ChromiumDriver lambda$new$5
WARNING: Unable to find version of CDP to use for 143.0.7499.193. You may need to include a dependency on a specific version of the CDP using something similar to `org.seleniumhq.selenium:selenium-devtools-v86:4.25.0` where the version ("v86") matches the version of the chromium-based browser you're using and the version number of the artifact is the same as Selenium's.
]]></system-err>
  </testcase>
  <testcase name="EnterPincode" classname="TestPages.MiniCartTest" time="0.181">
    <system-out><![CDATA[✔ Pincode entered successfully
]]></system-out>
  </testcase>
  <testcase name="ClickOnGoQuickCheckoutButton" classname="TestPages.MiniCartTest" time="0.148">
    <system-out><![CDATA[✔ Quick checkout initiated
]]></system-out>
  </testcase>
  <testcase name="VerifyCheckoutVisible" classname="TestPages.CheckOutTest" time="0.655">
    <system-out><![CDATA[✔ Product added to cart
✔ Pincode entered successfully
✔ Quick checkout initiated
✔ Checkout page is visible
]]></system-out>
    <system-err><![CDATA[[main] INFO io.github.bonigarcia.wdm.WebDriverManager - Using chromedriver 143.0.7499.192 (resolved driver for Chrome 143)
[main] INFO io.github.bonigarcia.wdm.WebDriverManager - Exporting webdriver.chrome.driver as C:\Users\LyxelFlamingo\.cache\selenium\chromedriver\win64\143.0.7499.192\chromedriver.exe
Jan 27, 2026 6:03:40 PM org.openqa.selenium.devtools.CdpVersionFinder findNearestMatch
WARNING: Unable to find CDP implementation matching 143
Jan 27, 2026 6:03:40 PM org.openqa.selenium.chromium.ChromiumDriver lambda$new$5
WARNING: Unable to find version of CDP to use for 143.0.7499.193. You may need to include a dependency on a specific version of the CDP using something similar to `org.seleniumhq.selenium:selenium-devtools-v86:4.25.0` where the version ("v86") matches the version of the chromium-based browser you're using and the version number of the artifact is the same as Selenium's.
]]></system-err>
  </testcase>
  <testcase name="VerifyCheckoutEnabled" classname="TestPages.CheckOutTest" time="0.607">
    <system-out><![CDATA[✔ Checkout page is enabled
]]></system-out>
  </testcase>
</testsuite>