<?xml version="1.0" encoding="UTF-8"?>
<testsuite xmlns:xsi="http://www.w3.org/2001/XMLSchema-instance" xsi:noNamespaceSchemaLocation="https://maven.apache.org/surefire/maven-surefire-plugin/xsd/surefire-test-report-3.0.xsd" version="3.0" name="TestSuite" time="271.516" tests="18" errors="0" skipped="0" failures="1">
  <properties>
[...]
</properties>
  <testcase name="ClickOnMarlinShopNow" classname="TestPages.HomeTest" time="1.784">
    <system-out><![CDATA[Popup closed successfully
]]></system-out>
    <system-err><![CDATA[[main] INFO io.github.bonigarcia.wdm.WebDriverManager - Using chromedriver 143.0.7499.192 (resolved driver for Chrome 143)
[main] INFO io.github.bonigarcia.wdm.WebDriverManager - Exporting webdriver.chrome.driver as C:\Users\LYXELANDFLAMINGO\.cache\selenium\chromedriver\win64\143.0.7499.192\chromedriver.exe
Jan 15, 2026 4:00:53 PM org.openqa.selenium.devtools.CdpVersionFinder findNearestMatch
WARNING: Unable to find CDP implementation matching 143
Jan 15, 2026 4:00:53 PM org.openqa.selenium.chromium.ChromiumDriver lambda$new$5
WARNING: Unable to find version of CDP to use for 143.0.7499.193. You may need to include a dependency on a specific version of the CDP using something similar to `org.seleniumhq.selenium:selenium-devtools-v86:4.25.0` where the version ("v86") matches the version of the chromium-based browser you're using and the version number of the artifact is the same as Selenium's.
]]></system-err>
  </testcase>
  <testcase name="ClickOnLatestReleaseProducts" classname="TestPages.HomeTest" time="29.963"/>
  <testcase name="clickOnPopularCategoryProducts" classname="TestPages.HomeTest" time="1.702"/>
  <testcase name="ClickOnLeatherStrapWatchButton" classname="TestPages.HomeTest" time="0.382"/>
  <testcase name="ClickOnMoreToLoveSection" classname="TestPages.HomeTest" time="1.517"/>
  <testcase name="ClickOnWatchesCategory" classname="TestPages.HomeTest" time="7.742"/>
  <testcase name="ClickOnShowFilterButton" classname="TestPages.PLPTest" time="0.052">
    <system-out><![CDATA[Popup closed successfully
]]></system-out>
    <system-err><![CDATA[[main] INFO io.github.bonigarcia.wdm.WebDriverManager - Using chromedriver 143.0.7499.192 (resolved driver for Chrome 143)
[main] INFO io.github.bonigarcia.wdm.WebDriverManager - Exporting webdriver.chrome.driver as C:\Users\LYXELANDFLAMINGO\.cache\selenium\chromedriver\win64\143.0.7499.192\chromedriver.exe
Jan 15, 2026 4:01:44 PM org.openqa.selenium.devtools.CdpVersionFinder findNearestMatch
WARNING: Unable to find CDP implementation matching 143
Jan 15, 2026 4:01:44 PM org.openqa.selenium.chromium.ChromiumDriver lambda$new$5
WARNING: Unable to find version of CDP to use for 143.0.7499.193. You may need to include a dependency on a specific version of the CDP using something similar to `org.seleniumhq.selenium:selenium-devtools-v86:4.25.0` where the version ("v86") matches the version of the chromium-based browser you're using and the version number of the artifact is the same as Selenium's.
]]></system-err>
  </testcase>
  <testcase name="ClickOnBandColorFilter" classname="TestPages.PLPTest" time="16.521">
    <failure message="Failed to Click on Band Color Filter Option" type="java.lang.AssertionError"><![CDATA[java.lang.AssertionError: Failed to Click on Band Color Filter Option
	at org.testng.Assert.fail(Assert.java:110)
	at TestPages.PLPTest.ClickOnBandColorFilter(PLPTest.java:44)
	at java.base/jdk.internal.reflect.NativeMethodAccessorImpl.invoke0(Native Method)
	at java.base/jdk.internal.reflect.NativeMethodAccessorImpl.invoke(NativeMethodAccessorImpl.java:77)
	at java.base/jdk.internal.reflect.DelegatingMethodAccessorImpl.invoke(DelegatingMethodAccessorImpl.java:43)
	at java.base/java.lang.reflect.Method.invoke(Method.java:568)
	at org.testng.internal.invokers.MethodInvocationHelper.invokeMethod(MethodInvocationHelper.java:139)
	at org.testng.internal.invokers.TestInvoker.invokeMethod(TestInvoker.java:677)
	at org.testng.internal.invokers.TestInvoker.invokeTestMethod(TestInvoker.java:221)
	at org.testng.internal.invokers.MethodRunner.runInSequence(MethodRunner.java:50)
	at org.testng.internal.invokers.TestInvoker$MethodInvocationAgent.invoke(TestInvoker.java:969)
	at org.testng.internal.invokers.TestInvoker.invokeTestMethods(TestInvoker.java:194)
	at org.testng.internal.invokers.TestMethodWorker.invokeTestMethods(TestMethodWorker.java:148)
	at org.testng.internal.invokers.TestMethodWorker.run(TestMethodWorker.java:128)
	at java.base/java.util.ArrayList.forEach(ArrayList.java:1511)
	at org.testng.TestRunner.privateRun(TestRunner.java:829)
	at org.testng.TestRunner.run(TestRunner.java:602)
	at org.testng.SuiteRunner.runTest(SuiteRunner.java:437)
	at org.testng.SuiteRunner.runSequentially(SuiteRunner.java:431)
	at org.testng.SuiteRunner.privateRun(SuiteRunner.java:391)
	at org.testng.SuiteRunner.run(SuiteRunner.java:330)
	at org.testng.SuiteRunnerWorker.runSuite(SuiteRunnerWorker.java:52)
	at org.testng.SuiteRunnerWorker.run(SuiteRunnerWorker.java:95)
	at org.testng.TestNG.runSuitesSequentially(TestNG.java:1256)
	at org.testng.TestNG.runSuitesLocally(TestNG.java:1176)
	at org.testng.TestNG.runSuites(TestNG.java:1099)
	at org.testng.TestNG.run(TestNG.java:1067)
	at org.apache.maven.surefire.testng.TestNGExecutor.run(TestNGExecutor.java:308)
	at org.apache.maven.surefire.testng.TestNGXmlTestSuite.execute(TestNGXmlTestSuite.java:71)
	at org.apache.maven.surefire.testng.TestNGProvider.invoke(TestNGProvider.java:113)
	at org.apache.maven.surefire.booter.ForkedBooter.runSuitesInProcess(ForkedBooter.java:385)
	at org.apache.maven.surefire.booter.ForkedBooter.execute(ForkedBooter.java:162)
	at org.apache.maven.surefire.booter.ForkedBooter.run(ForkedBooter.java:507)
	at org.apache.maven.surefire.booter.ForkedBooter.main(ForkedBooter.java:495)
]]></failure>
  </testcase>
  <testcase name="TC_03_DialColorFilter" classname="TestPages.PLPTest" time="10.465"/>
  <testcase name="ClickOnBandMaterialFilter" classname="TestPages.PLPTest" time="11.527"/>
  <testcase name="ClickOnFirstProduct" classname="TestPages.PLPTest" time="5.68"/>
  <testcase name="TC_ClickOnRecommendationsProducts" classname="TestPages.PDPTest" time="76.846">
    <system-out><![CDATA[Popup closed successfully
]]></system-out>
    <system-err><![CDATA[[main] INFO io.github.bonigarcia.wdm.WebDriverManager - Using chromedriver 143.0.7499.192 (resolved driver for Chrome 143)
[main] INFO io.github.bonigarcia.wdm.WebDriverManager - Exporting webdriver.chrome.driver as C:\Users\LYXELANDFLAMINGO\.cache\selenium\chromedriver\win64\143.0.7499.192\chromedriver.exe
Jan 15, 2026 4:02:43 PM org.openqa.selenium.devtools.CdpVersionFinder findNearestMatch
WARNING: Unable to find CDP implementation matching 143
Jan 15, 2026 4:02:43 PM org.openqa.selenium.chromium.ChromiumDriver lambda$new$5
WARNING: Unable to find version of CDP to use for 143.0.7499.193. You may need to include a dependency on a specific version of the CDP using something similar to `org.seleniumhq.selenium:selenium-devtools-v86:4.25.0` where the version ("v86") matches the version of the chromium-based browser you're using and the version number of the artifact is the same as Selenium's.
]]></system-err>
  </testcase>
  <testcase name="ClickOnAddToCartButton" classname="TestPages.PDPTest" time="4.535">
    <system-out><![CDATA[✔ Product added to cart
]]></system-out>
  </testcase>
  <testcase name="ProductQuantityIncrease" classname="TestPages.MiniCartTest" time="4.567">
    <system-out><![CDATA[Popup closed successfully
✔ Product added to cart
✔ Quantity increased successfully: 4
]]></system-out>
    <system-err><![CDATA[[main] INFO io.github.bonigarcia.wdm.WebDriverManager - Using chromedriver 143.0.7499.192 (resolved driver for Chrome 143)
[main] INFO io.github.bonigarcia.wdm.WebDriverManager - Exporting webdriver.chrome.driver as C:\Users\LYXELANDFLAMINGO\.cache\selenium\chromedriver\win64\143.0.7499.192\chromedriver.exe
Jan 15, 2026 4:04:25 PM org.openqa.selenium.devtools.CdpVersionFinder findNearestMatch
WARNING: Unable to find CDP implementation matching 143
Jan 15, 2026 4:04:25 PM org.openqa.selenium.chromium.ChromiumDriver lambda$new$5
WARNING: Unable to find version of CDP to use for 143.0.7499.193. You may need to include a dependency on a specific version of the CDP using something similar to `org.seleniumhq.selenium:selenium-devtools-v86:4.25.0` where the version ("v86") matches the version of the chromium-based browser you're using and the version number of the artifact is the same as Selenium's.
]]></system-err>
  </testcase>
  <testcase name="EnterPincode" classname="TestPages.MiniCartTest" time="0.265">
    <system-out><![CDATA[✔ Pincode entered successfully
]]></system-out>
  </testcase>
  <testcase name="ClickOnGoQuickCheckoutButton" classname="TestPages.MiniCartTest" time="0.242">
    <system-out><![CDATA[✔ Quick checkout initiated
]]></system-out>
  </testcase>
  <testcase name="VerifyCheckoutVisible" classname="TestPages.CheckOutTest" time="0.79">
    <system-out><![CDATA[Popup closed successfully
✔ Product added to cart
✔ Pincode entered successfully
✔ Quick checkout initiated
✔ Checkout page is visible
]]></system-out>
    <system-err><![CDATA[[main] INFO io.github.bonigarcia.wdm.WebDriverManager - Using chromedriver 143.0.7499.192 (resolved driver for Chrome 143)
[main] INFO io.github.bonigarcia.wdm.WebDriverManager - Exporting webdriver.chrome.driver as C:\Users\LYXELANDFLAMINGO\.cache\selenium\chromedriver\win64\143.0.7499.192\chromedriver.exe
Jan 15, 2026 4:04:54 PM org.openqa.selenium.devtools.CdpVersionFinder findNearestMatch
WARNING: Unable to find CDP implementation matching 143
Jan 15, 2026 4:04:54 PM org.openqa.selenium.chromium.ChromiumDriver lambda$new$5
WARNING: Unable to find version of CDP to use for 143.0.7499.193. You may need to include a dependency on a specific version of the CDP using something similar to `org.seleniumhq.selenium:selenium-devtools-v86:4.25.0` where the version ("v86") matches the version of the chromium-based browser you're using and the version number of the artifact is the same as Selenium's.
]]></system-err>
  </testcase>
  <testcase name="VerifyCheckoutEnabled" classname="TestPages.CheckOutTest" time="0.598">
    <system-out><![CDATA[✔ Checkout page is enabled
]]></system-out>
  </testcase>
</testsuite>