<?xml version="1.0" encoding="UTF-8"?>
<testng-results ignored="0" total="18" passed="18" failed="0" skipped="0">
  <reporter-output>
  </reporter-output>
  <suite started-at="2025-12-31T14:38:40 IST" name="Suite" finished-at="2025-12-31T14:50:27 IST" duration-ms="707296">
    <groups>
    </groups>
    <test started-at="2025-12-31T14:38:40 IST" name="HomeTest" finished-at="2025-12-31T14:40:46 IST" duration-ms="126303">
      <class name="TestPages.HomeTest">
        <test-method is-config="true" signature="setUpClass()[pri:0, instance:TestPages.HomeTest@5f049ea1]" started-at="2025-12-31T14:38:40 IST" name="setUpClass" finished-at="2025-12-31T14:39:33 IST" duration-ms="52935" status="PASS">
          <reporter-output>
          </reporter-output>
        </test-method> <!-- setUpClass -->
        <test-method is-config="true" signature="setUpHomePage()[pri:0, instance:TestPages.HomeTest@5f049ea1]" started-at="2025-12-31T14:39:33 IST" name="setUpHomePage" finished-at="2025-12-31T14:39:33 IST" duration-ms="7" status="PASS">
          <reporter-output>
          </reporter-output>
        </test-method> <!-- setUpHomePage -->
        <test-method signature="clickOnMarlinShopNow()[pri:1, instance:TestPages.HomeTest@5f049ea1]" started-at="2025-12-31T14:39:33 IST" name="clickOnMarlinShopNow" finished-at="2025-12-31T14:39:35 IST" duration-ms="2163" status="PASS">
          <reporter-output>
          </reporter-output>
        </test-method> <!-- clickOnMarlinShopNow -->
        <test-method signature="clickOnLatestReleaseProducts()[pri:2, instance:TestPages.HomeTest@5f049ea1]" started-at="2025-12-31T14:39:35 IST" name="clickOnLatestReleaseProducts" finished-at="2025-12-31T14:40:10 IST" duration-ms="34405" status="PASS">
          <reporter-output>
          </reporter-output>
        </test-method> <!-- clickOnLatestReleaseProducts -->
        <test-method signature="clickOnPopularCategoryProducts()[pri:3, instance:TestPages.HomeTest@5f049ea1]" started-at="2025-12-31T14:40:10 IST" name="clickOnPopularCategoryProducts" finished-at="2025-12-31T14:40:12 IST" duration-ms="1968" status="PASS">
          <reporter-output>
          </reporter-output>
        </test-method> <!-- clickOnPopularCategoryProducts -->
        <test-method signature="clickOnkLeatherStrapWatch()[pri:4, instance:TestPages.HomeTest@5f049ea1]" started-at="2025-12-31T14:40:12 IST" name="clickOnkLeatherStrapWatch" finished-at="2025-12-31T14:40:13 IST" duration-ms="1162" status="PASS">
          <reporter-output>
          </reporter-output>
        </test-method> <!-- clickOnkLeatherStrapWatch -->
        <test-method signature="clicOnkMoreToLoveSection()[pri:5, instance:TestPages.HomeTest@5f049ea1]" started-at="2025-12-31T14:40:13 IST" name="clicOnkMoreToLoveSection" finished-at="2025-12-31T14:40:16 IST" duration-ms="3038" status="PASS">
          <reporter-output>
          </reporter-output>
        </test-method> <!-- clicOnkMoreToLoveSection -->
        <test-method signature="clicOnWatchesCategory()[pri:6, instance:TestPages.HomeTest@5f049ea1]" started-at="2025-12-31T14:40:16 IST" name="clicOnWatchesCategory" finished-at="2025-12-31T14:40:46 IST" duration-ms="30357" status="PASS">
          <reporter-output>
          </reporter-output>
        </test-method> <!-- clicOnWatchesCategory -->
      </class> <!-- TestPages.HomeTest -->
    </test> <!-- HomeTest -->
    <test started-at="2025-12-31T14:40:46 IST" name="PLPTest" finished-at="2025-12-31T14:43:20 IST" duration-ms="153159">
      <class name="TestPages.PLPTest">
        <test-method is-config="true" signature="setUpClass()[pri:0, instance:TestPages.PLPTest@514646ef]" started-at="2025-12-31T14:40:46 IST" name="setUpClass" finished-at="2025-12-31T14:41:41 IST" duration-ms="54354" status="PASS">
          <reporter-output>
          </reporter-output>
        </test-method> <!-- setUpClass -->
        <test-method is-config="true" signature="init()[pri:0, instance:TestPages.PLPTest@514646ef]" started-at="2025-12-31T14:41:41 IST" name="init" finished-at="2025-12-31T14:42:11 IST" duration-ms="30191" status="PASS">
          <reporter-output>
          </reporter-output>
        </test-method> <!-- init -->
        <test-method signature="TC_01_ClickOnShowFilterButton()[pri:1, instance:TestPages.PLPTest@514646ef]" started-at="2025-12-31T14:42:11 IST" name="TC_01_ClickOnShowFilterButton" finished-at="2025-12-31T14:42:11 IST" duration-ms="281" status="PASS">
          <reporter-output>
          </reporter-output>
        </test-method> <!-- TC_01_ClickOnShowFilterButton -->
        <test-method signature="TC_02_BandColorFilter()[pri:2, instance:TestPages.PLPTest@514646ef]" started-at="2025-12-31T14:42:11 IST" name="TC_02_BandColorFilter" finished-at="2025-12-31T14:42:23 IST" duration-ms="11701" status="PASS">
          <reporter-output>
          </reporter-output>
        </test-method> <!-- TC_02_BandColorFilter -->
        <test-method signature="TC_03_DialColorFilter()[pri:3, instance:TestPages.PLPTest@514646ef]" started-at="2025-12-31T14:42:23 IST" name="TC_03_DialColorFilter" finished-at="2025-12-31T14:42:34 IST" duration-ms="11482" status="PASS">
          <reporter-output>
          </reporter-output>
        </test-method> <!-- TC_03_DialColorFilter -->
        <test-method signature="TC_05_BandMaterialFilter()[pri:4, instance:TestPages.PLPTest@514646ef]" started-at="2025-12-31T14:42:34 IST" name="TC_05_BandMaterialFilter" finished-at="2025-12-31T14:42:45 IST" duration-ms="11007" status="PASS">
          <reporter-output>
          </reporter-output>
        </test-method> <!-- TC_05_BandMaterialFilter -->
        <test-method signature="TC_06_ClickOnFirstProduct()[pri:5, instance:TestPages.PLPTest@514646ef]" started-at="2025-12-31T14:42:45 IST" name="TC_06_ClickOnFirstProduct" finished-at="2025-12-31T14:43:20 IST" duration-ms="34063" status="PASS">
          <reporter-output>
          </reporter-output>
        </test-method> <!-- TC_06_ClickOnFirstProduct -->
      </class> <!-- TestPages.PLPTest -->
    </test> <!-- PLPTest -->
    <test started-at="2025-12-31T14:43:20 IST" name="PDPTest" finished-at="2025-12-31T14:46:27 IST" duration-ms="187494">
      <class name="TestPages.PDPTest">
        <test-method is-config="true" signature="setUpClass()[pri:0, instance:TestPages.PDPTest@35841320]" started-at="2025-12-31T14:43:20 IST" name="setUpClass" finished-at="2025-12-31T14:44:16 IST" duration-ms="56196" status="PASS">
          <reporter-output>
          </reporter-output>
        </test-method> <!-- setUpClass -->
        <test-method is-config="true" signature="init()[pri:0, instance:TestPages.PDPTest@35841320]" started-at="2025-12-31T14:44:16 IST" name="init" finished-at="2025-12-31T14:45:10 IST" duration-ms="53699" status="PASS">
          <reporter-output>
          </reporter-output>
        </test-method> <!-- init -->
        <test-method signature="TC_01_clickOnProductRecommendations()[pri:1, instance:TestPages.PDPTest@35841320]" started-at="2025-12-31T14:45:10 IST" name="TC_01_clickOnProductRecommendations" finished-at="2025-12-31T14:46:23 IST" duration-ms="73101" status="PASS">
          <reporter-output>
          </reporter-output>
        </test-method> <!-- TC_01_clickOnProductRecommendations -->
        <test-method signature="TC_02_addProductToCartProduct()[pri:2, instance:TestPages.PDPTest@35841320]" started-at="2025-12-31T14:46:23 IST" name="TC_02_addProductToCartProduct" finished-at="2025-12-31T14:46:27 IST" duration-ms="4477" status="PASS">
          <reporter-output>
          </reporter-output>
        </test-method> <!-- TC_02_addProductToCartProduct -->
      </class> <!-- TestPages.PDPTest -->
    </test> <!-- PDPTest -->
    <test started-at="2025-12-31T14:46:27 IST" name="MiniCartTest" finished-at="2025-12-31T14:48:26 IST" duration-ms="118912">
      <class name="TestPages.MiniCartTest">
        <test-method is-config="true" signature="setUpClass()[pri:0, instance:TestPages.MiniCartTest@533bda92]" started-at="2025-12-31T14:46:27 IST" name="setUpClass" finished-at="2025-12-31T14:47:18 IST" duration-ms="50503" status="PASS">
          <reporter-output>
          </reporter-output>
        </test-method> <!-- setUpClass -->
        <test-method is-config="true" signature="initFlow()[pri:0, instance:TestPages.MiniCartTest@533bda92]" started-at="2025-12-31T14:47:18 IST" name="initFlow" finished-at="2025-12-31T14:48:20 IST" duration-ms="62498" status="PASS">
          <reporter-output>
          </reporter-output>
        </test-method> <!-- initFlow -->
        <test-method signature="TC_01_QuantityIncrease()[pri:1, instance:TestPages.MiniCartTest@533bda92]" started-at="2025-12-31T14:48:20 IST" name="TC_01_QuantityIncrease" description="Increase product quantity in mini cart" finished-at="2025-12-31T14:48:25 IST" duration-ms="5141" status="PASS">
          <reporter-output>
          </reporter-output>
        </test-method> <!-- TC_01_QuantityIncrease -->
        <test-method signature="TC_03_EnterPincode()[pri:2, instance:TestPages.MiniCartTest@533bda92]" started-at="2025-12-31T14:48:25 IST" name="TC_03_EnterPincode" description="Enter pincode in mini cart" finished-at="2025-12-31T14:48:26 IST" duration-ms="380" status="PASS">
          <reporter-output>
          </reporter-output>
        </test-method> <!-- TC_03_EnterPincode -->
        <test-method signature="TC_04_GoQuickCheckout()[pri:3, instance:TestPages.MiniCartTest@533bda92]" started-at="2025-12-31T14:48:26 IST" name="TC_04_GoQuickCheckout" description="Proceed to quick checkout from mini cart" finished-at="2025-12-31T14:48:26 IST" duration-ms="373" status="PASS">
          <reporter-output>
          </reporter-output>
        </test-method> <!-- TC_04_GoQuickCheckout -->
      </class> <!-- TestPages.MiniCartTest -->
    </test> <!-- MiniCartTest -->
    <test started-at="2025-12-31T14:48:26 IST" name="CheckOutTest" finished-at="2025-12-31T14:50:27 IST" duration-ms="121192">
      <class name="TestPages.CheckOutTest">
        <test-method is-config="true" signature="setUpClass()[pri:0, instance:TestPages.CheckOutTest@4d0d9fe7]" started-at="2025-12-31T14:48:26 IST" name="setUpClass" finished-at="2025-12-31T14:49:25 IST" duration-ms="58699" status="PASS">
          <reporter-output>
          </reporter-output>
        </test-method> <!-- setUpClass -->
        <test-method is-config="true" signature="initFlow()[pri:0, instance:TestPages.CheckOutTest@4d0d9fe7]" started-at="2025-12-31T14:49:25 IST" name="initFlow" finished-at="2025-12-31T14:50:26 IST" duration-ms="61049" status="PASS">
          <reporter-output>
          </reporter-output>
        </test-method> <!-- initFlow -->
        <test-method signature="TC_01_VerifyCheckoutVisible()[pri:1, instance:TestPages.CheckOutTest@4d0d9fe7]" started-at="2025-12-31T14:50:26 IST" name="TC_01_VerifyCheckoutVisible" finished-at="2025-12-31T14:50:27 IST" duration-ms="821" status="PASS">
          <reporter-output>
          </reporter-output>
        </test-method> <!-- TC_01_VerifyCheckoutVisible -->
        <test-method signature="TC_02_VerifyCheckoutEnabled()[pri:2, instance:TestPages.CheckOutTest@4d0d9fe7]" started-at="2025-12-31T14:50:27 IST" name="TC_02_VerifyCheckoutEnabled" finished-at="2025-12-31T14:50:27 IST" depends-on-methods="TestPages.CheckOutTest.TC_01_VerifyCheckoutVisible" duration-ms="556" status="PASS">
          <reporter-output>
          </reporter-output>
        </test-method> <!-- TC_02_VerifyCheckoutEnabled -->
      </class> <!-- TestPages.CheckOutTest -->
    </test> <!-- CheckOutTest -->
  </suite> <!-- Suite -->
</testng-results>
