<?xml version="1.0" encoding="UTF-8"?>
<testng-results ignored="0" total="5" passed="5" failed="0" skipped="0">
  <reporter-output>
  </reporter-output>
  <suite started-at="2025-11-24T13:33:51 IST" name="Default suite" finished-at="2025-11-24T13:35:56 IST" duration-ms="124668">
    <groups>
    </groups>
    <test started-at="2025-11-24T13:33:51 IST" name="Default test" finished-at="2025-11-24T13:35:56 IST" duration-ms="124668">
      <class name="Form_testing.Homepage">
        <test-method is-config="true" signature="SetUp()[pri:0, instance:Form_testing.Homepage@303cf2ba]" started-at="2025-11-24T13:33:51 IST" name="SetUp" finished-at="2025-11-24T13:34:43 IST" duration-ms="52317" status="PASS">
          <reporter-output>
          </reporter-output>
        </test-method> <!-- SetUp -->
        <test-method signature="TC_01_MarlinAutomatic_ShopNowButton()[pri:1, instance:Form_testing.Homepage@303cf2ba]" started-at="2025-11-24T13:34:44 IST" name="TC_01_MarlinAutomatic_ShopNowButton" finished-at="2025-11-24T13:34:47 IST" duration-ms="3397" status="PASS">
          <reporter-output>
          </reporter-output>
        </test-method> <!-- TC_01_MarlinAutomatic_ShopNowButton -->
        <test-method signature="TC_02_ClickOnLatestReleaseAndBestSellerProducts()[pri:2, instance:Form_testing.Homepage@303cf2ba]" started-at="2025-11-24T13:34:47 IST" name="TC_02_ClickOnLatestReleaseAndBestSellerProducts" finished-at="2025-11-24T13:35:48 IST" duration-ms="60780" status="PASS">
          <reporter-output>
          </reporter-output>
        </test-method> <!-- TC_02_ClickOnLatestReleaseAndBestSellerProducts -->
        <test-method signature="TC_03_ClickOnPopularCategory()[pri:3, instance:Form_testing.Homepage@303cf2ba]" started-at="2025-11-24T13:35:48 IST" name="TC_03_ClickOnPopularCategory" finished-at="2025-11-24T13:35:50 IST" duration-ms="2532" status="PASS">
          <reporter-output>
          </reporter-output>
        </test-method> <!-- TC_03_ClickOnPopularCategory -->
        <test-method signature="TC_04_ClickOnLeatherStrapWatch()[pri:4, instance:Form_testing.Homepage@303cf2ba]" started-at="2025-11-24T13:35:50 IST" name="TC_04_ClickOnLeatherStrapWatch" finished-at="2025-11-24T13:35:53 IST" duration-ms="2733" status="PASS">
          <reporter-output>
          </reporter-output>
        </test-method> <!-- TC_04_ClickOnLeatherStrapWatch -->
        <test-method signature="TC_04_ClickOnMoretoLoveSection()[pri:5, instance:Form_testing.Homepage@303cf2ba]" started-at="2025-11-24T13:35:53 IST" name="TC_04_ClickOnMoretoLoveSection" finished-at="2025-11-24T13:35:56 IST" duration-ms="2719" status="PASS">
          <reporter-output>
          </reporter-output>
        </test-method> <!-- TC_04_ClickOnMoretoLoveSection -->
      </class> <!-- Form_testing.Homepage -->
    </test> <!-- Default test -->
  </suite> <!-- Default suite -->
</testng-results>
