<?xml version="1.0" encoding="UTF-8"?>
<testng-results ignored="0" total="19" passed="19" failed="0" skipped="0">
  <reporter-output>
  </reporter-output>
  <suite started-at="2025-12-30T22:25:34 IST" name="Suite" finished-at="2025-12-30T22:38:05 IST" duration-ms="751202">
    <groups>
    </groups>
    <test started-at="2025-12-30T22:25:34 IST" name="HomeTest" finished-at="2025-12-30T22:28:22 IST" duration-ms="168067">
      <class name="TestPages.HomeTest">
        <test-method is-config="true" signature="setUpClass()[pri:0, instance:TestPages.HomeTest@5afa3c9]" started-at="2025-12-30T22:25:34 IST" name="setUpClass" finished-at="2025-12-30T22:26:34 IST" duration-ms="59658" status="PASS">
          <reporter-output>
          </reporter-output>
        </test-method> <!-- setUpClass -->
        <test-method is-config="true" signature="setUpHomePage()[pri:0, instance:TestPages.HomeTest@5afa3c9]" started-at="2025-12-30T22:26:34 IST" name="setUpHomePage" finished-at="2025-12-30T22:26:34 IST" duration-ms="17" status="PASS">
          <reporter-output>
          </reporter-output>
        </test-method> <!-- setUpHomePage -->
        <test-method signature="clickOnMarlinShopNow()[pri:1, instance:TestPages.HomeTest@5afa3c9]" started-at="2025-12-30T22:26:34 IST" name="clickOnMarlinShopNow" finished-at="2025-12-30T22:26:37 IST" duration-ms="3236" status="PASS">
          <reporter-output>
          </reporter-output>
        </test-method> <!-- clickOnMarlinShopNow -->
        <test-method signature="clickOnLatestReleaseProducts()[pri:2, instance:TestPages.HomeTest@5afa3c9]" started-at="2025-12-30T22:26:37 IST" name="clickOnLatestReleaseProducts" finished-at="2025-12-30T22:27:26 IST" duration-ms="48864" status="PASS">
          <reporter-output>
          </reporter-output>
        </test-method> <!-- clickOnLatestReleaseProducts -->
        <test-method signature="clickOnPopularCategoryProducts()[pri:3, instance:TestPages.HomeTest@5afa3c9]" started-at="2025-12-30T22:27:26 IST" name="clickOnPopularCategoryProducts" finished-at="2025-12-30T22:27:28 IST" duration-ms="1766" status="PASS">
          <reporter-output>
          </reporter-output>
        </test-method> <!-- clickOnPopularCategoryProducts -->
        <test-method signature="clickOnkLeatherStrapWatch()[pri:4, instance:TestPages.HomeTest@5afa3c9]" started-at="2025-12-30T22:27:28 IST" name="clickOnkLeatherStrapWatch" finished-at="2025-12-30T22:27:29 IST" duration-ms="1129" status="PASS">
          <reporter-output>
          </reporter-output>
        </test-method> <!-- clickOnkLeatherStrapWatch -->
        <test-method signature="clicOnkMoreToLoveSection()[pri:5, instance:TestPages.HomeTest@5afa3c9]" started-at="2025-12-30T22:27:29 IST" name="clicOnkMoreToLoveSection" finished-at="2025-12-30T22:27:31 IST" duration-ms="2020" status="PASS">
          <reporter-output>
          </reporter-output>
        </test-method> <!-- clicOnkMoreToLoveSection -->
        <test-method signature="clicOnWatchesCategory()[pri:6, instance:TestPages.HomeTest@5afa3c9]" started-at="2025-12-30T22:27:31 IST" name="clicOnWatchesCategory" finished-at="2025-12-30T22:28:21 IST" duration-ms="50344" status="PASS">
          <reporter-output>
          </reporter-output>
        </test-method> <!-- clicOnWatchesCategory -->
        <test-method is-config="true" signature="tearDownClass()[pri:0, instance:TestPages.HomeTest@5afa3c9]" started-at="2025-12-30T22:28:21 IST" name="tearDownClass" finished-at="2025-12-30T22:28:22 IST" duration-ms="741" status="PASS">
          <reporter-output>
          </reporter-output>
        </test-method> <!-- tearDownClass -->
      </class> <!-- TestPages.HomeTest -->
    </test> <!-- HomeTest -->
    <test started-at="2025-12-30T22:28:22 IST" name="PLPTest" finished-at="2025-12-30T22:30:35 IST" duration-ms="132491">
      <class name="TestPages.PLPTest">
        <test-method is-config="true" signature="setUpClass()[pri:0, instance:TestPages.PLPTest@302c971f]" started-at="2025-12-30T22:28:22 IST" name="setUpClass" finished-at="2025-12-30T22:29:14 IST" duration-ms="52125" status="PASS">
          <reporter-output>
          </reporter-output>
        </test-method> <!-- setUpClass -->
        <test-method is-config="true" signature="init()[pri:0, instance:TestPages.PLPTest@302c971f]" started-at="2025-12-30T22:29:14 IST" name="init" finished-at="2025-12-30T22:29:43 IST" duration-ms="28796" status="PASS">
          <reporter-output>
          </reporter-output>
        </test-method> <!-- init -->
        <test-method signature="TC_01_ClickOnShowFilterButton()[pri:1, instance:TestPages.PLPTest@302c971f]" started-at="2025-12-30T22:29:43 IST" name="TC_01_ClickOnShowFilterButton" finished-at="2025-12-30T22:29:45 IST" duration-ms="2115" status="PASS">
          <reporter-output>
          </reporter-output>
        </test-method> <!-- TC_01_ClickOnShowFilterButton -->
        <test-method signature="TC_02_BandColorFilter()[pri:2, instance:TestPages.PLPTest@302c971f]" started-at="2025-12-30T22:29:45 IST" name="TC_02_BandColorFilter" finished-at="2025-12-30T22:29:52 IST" duration-ms="6586" status="PASS">
          <reporter-output>
          </reporter-output>
        </test-method> <!-- TC_02_BandColorFilter -->
        <test-method signature="TC_03_DialColorFilter()[pri:3, instance:TestPages.PLPTest@302c971f]" started-at="2025-12-30T22:29:52 IST" name="TC_03_DialColorFilter" finished-at="2025-12-30T22:29:56 IST" duration-ms="4651" status="PASS">
          <reporter-output>
          </reporter-output>
        </test-method> <!-- TC_03_DialColorFilter -->
        <test-method signature="TC_04_CaseDiameterFilter()[pri:4, instance:TestPages.PLPTest@302c971f]" started-at="2025-12-30T22:29:56 IST" name="TC_04_CaseDiameterFilter" finished-at="2025-12-30T22:30:01 IST" duration-ms="4522" status="PASS">
          <reporter-output>
          </reporter-output>
        </test-method> <!-- TC_04_CaseDiameterFilter -->
        <test-method signature="TC_05_BandMaterialFilter()[pri:5, instance:TestPages.PLPTest@302c971f]" started-at="2025-12-30T22:30:01 IST" name="TC_05_BandMaterialFilter" finished-at="2025-12-30T22:30:05 IST" duration-ms="4437" status="PASS">
          <reporter-output>
          </reporter-output>
        </test-method> <!-- TC_05_BandMaterialFilter -->
        <test-method signature="TC_06_ClickOnProduct()[pri:6, instance:TestPages.PLPTest@302c971f]" started-at="2025-12-30T22:30:05 IST" name="TC_06_ClickOnProduct" finished-at="2025-12-30T22:30:34 IST" duration-ms="28243" status="PASS">
          <reporter-output>
          </reporter-output>
        </test-method> <!-- TC_06_ClickOnProduct -->
        <test-method is-config="true" signature="tearDownClass()[pri:0, instance:TestPages.PLPTest@302c971f]" started-at="2025-12-30T22:30:34 IST" name="tearDownClass" finished-at="2025-12-30T22:30:35 IST" duration-ms="979" status="PASS">
          <reporter-output>
          </reporter-output>
        </test-method> <!-- tearDownClass -->
      </class> <!-- TestPages.PLPTest -->
    </test> <!-- PLPTest -->
    <test started-at="2025-12-30T22:30:35 IST" name="PDPTest" finished-at="2025-12-30T22:34:00 IST" duration-ms="204923">
      <class name="TestPages.PDPTest">
        <test-method is-config="true" signature="setUpClass()[pri:0, instance:TestPages.PDPTest@6f10d5b6]" started-at="2025-12-30T22:30:35 IST" name="setUpClass" finished-at="2025-12-30T22:31:30 IST" duration-ms="55515" status="PASS">
          <reporter-output>
          </reporter-output>
        </test-method> <!-- setUpClass -->
        <test-method is-config="true" signature="init()[pri:0, instance:TestPages.PDPTest@6f10d5b6]" started-at="2025-12-30T22:31:30 IST" name="init" finished-at="2025-12-30T22:32:28 IST" duration-ms="58188" status="PASS">
          <reporter-output>
          </reporter-output>
        </test-method> <!-- init -->
        <test-method signature="TC_01_clickOnProductRecommendations()[pri:1, instance:TestPages.PDPTest@6f10d5b6]" started-at="2025-12-30T22:32:28 IST" name="TC_01_clickOnProductRecommendations" finished-at="2025-12-30T22:33:54 IST" duration-ms="85495" status="PASS">
          <reporter-output>
          </reporter-output>
        </test-method> <!-- TC_01_clickOnProductRecommendations -->
        <test-method signature="TC_02_addProductToCartProduct()[pri:2, instance:TestPages.PDPTest@6f10d5b6]" started-at="2025-12-30T22:33:54 IST" name="TC_02_addProductToCartProduct" finished-at="2025-12-30T22:33:58 IST" duration-ms="4597" status="PASS">
          <reporter-output>
          </reporter-output>
        </test-method> <!-- TC_02_addProductToCartProduct -->
        <test-method is-config="true" signature="tearDownClass()[pri:0, instance:TestPages.PDPTest@6f10d5b6]" started-at="2025-12-30T22:33:58 IST" name="tearDownClass" finished-at="2025-12-30T22:34:00 IST" duration-ms="1120" status="PASS">
          <reporter-output>
          </reporter-output>
        </test-method> <!-- tearDownClass -->
      </class> <!-- TestPages.PDPTest -->
    </test> <!-- PDPTest -->
    <test started-at="2025-12-30T22:34:00 IST" name="MiniCartTest" finished-at="2025-12-30T22:36:06 IST" duration-ms="126724">
      <class name="TestPages.MiniCartTest">
        <test-method is-config="true" signature="setUpClass()[pri:0, instance:TestPages.MiniCartTest@723ca036]" started-at="2025-12-30T22:34:00 IST" name="setUpClass" finished-at="2025-12-30T22:34:58 IST" duration-ms="58339" status="PASS">
          <reporter-output>
          </reporter-output>
        </test-method> <!-- setUpClass -->
        <test-method is-config="true" signature="initFlow()[pri:0, instance:TestPages.MiniCartTest@723ca036]" started-at="2025-12-30T22:34:58 IST" name="initFlow" finished-at="2025-12-30T22:35:59 IST" duration-ms="60876" status="PASS">
          <reporter-output>
          </reporter-output>
        </test-method> <!-- initFlow -->
        <test-method signature="TC_01_QuantityIncrease()[pri:1, instance:TestPages.MiniCartTest@723ca036]" started-at="2025-12-30T22:35:59 IST" name="TC_01_QuantityIncrease" description="Increase product quantity in mini cart" finished-at="2025-12-30T22:36:04 IST" duration-ms="4958" status="PASS">
          <reporter-output>
          </reporter-output>
        </test-method> <!-- TC_01_QuantityIncrease -->
        <test-method signature="TC_03_EnterPincode()[pri:2, instance:TestPages.MiniCartTest@723ca036]" started-at="2025-12-30T22:36:04 IST" name="TC_03_EnterPincode" description="Enter pincode in mini cart" finished-at="2025-12-30T22:36:04 IST" duration-ms="492" status="PASS">
          <reporter-output>
          </reporter-output>
        </test-method> <!-- TC_03_EnterPincode -->
        <test-method signature="TC_04_GoQuickCheckout()[pri:3, instance:TestPages.MiniCartTest@723ca036]" started-at="2025-12-30T22:36:04 IST" name="TC_04_GoQuickCheckout" description="Proceed to quick checkout from mini cart" finished-at="2025-12-30T22:36:05 IST" duration-ms="915" status="PASS">
          <reporter-output>
          </reporter-output>
        </test-method> <!-- TC_04_GoQuickCheckout -->
        <test-method is-config="true" signature="tearDownClass()[pri:0, instance:TestPages.MiniCartTest@723ca036]" started-at="2025-12-30T22:36:05 IST" name="tearDownClass" finished-at="2025-12-30T22:36:06 IST" duration-ms="1129" status="PASS">
          <reporter-output>
          </reporter-output>
        </test-method> <!-- tearDownClass -->
      </class> <!-- TestPages.MiniCartTest -->
    </test> <!-- MiniCartTest -->
    <test started-at="2025-12-30T22:36:06 IST" name="CheckOutTest" finished-at="2025-12-30T22:38:05 IST" duration-ms="118879">
      <class name="TestPages.CheckOutTest">
        <test-method is-config="true" signature="setUpClass()[pri:0, instance:TestPages.CheckOutTest@312aa7c]" started-at="2025-12-30T22:36:06 IST" name="setUpClass" finished-at="2025-12-30T22:36:59 IST" duration-ms="52608" status="PASS">
          <reporter-output>
          </reporter-output>
        </test-method> <!-- setUpClass -->
        <test-method is-config="true" signature="initFlow()[pri:0, instance:TestPages.CheckOutTest@312aa7c]" started-at="2025-12-30T22:36:59 IST" name="initFlow" finished-at="2025-12-30T22:38:02 IST" duration-ms="62857" status="PASS">
          <reporter-output>
          </reporter-output>
        </test-method> <!-- initFlow -->
        <test-method signature="TC_01_VerifyCheckoutVisible()[pri:1, instance:TestPages.CheckOutTest@312aa7c]" started-at="2025-12-30T22:38:02 IST" name="TC_01_VerifyCheckoutVisible" finished-at="2025-12-30T22:38:03 IST" duration-ms="1454" status="PASS">
          <reporter-output>
          </reporter-output>
        </test-method> <!-- TC_01_VerifyCheckoutVisible -->
        <test-method signature="TC_02_VerifyCheckoutEnabled()[pri:2, instance:TestPages.CheckOutTest@312aa7c]" started-at="2025-12-30T22:38:03 IST" name="TC_02_VerifyCheckoutEnabled" finished-at="2025-12-30T22:38:04 IST" depends-on-methods="TestPages.CheckOutTest.TC_01_VerifyCheckoutVisible" duration-ms="519" status="PASS">
          <reporter-output>
          </reporter-output>
        </test-method> <!-- TC_02_VerifyCheckoutEnabled -->
        <test-method is-config="true" signature="tearDownClass()[pri:0, instance:TestPages.CheckOutTest@312aa7c]" started-at="2025-12-30T22:38:04 IST" name="tearDownClass" finished-at="2025-12-30T22:38:05 IST" duration-ms="1403" status="PASS">
          <reporter-output>
          </reporter-output>
        </test-method> <!-- tearDownClass -->
      </class> <!-- TestPages.CheckOutTest -->
    </test> <!-- CheckOutTest -->
  </suite> <!-- Suite -->
</testng-results>
