<?xml version="1.0" encoding="UTF-8"?>
<testng-results ignored="0" total="18" passed="17" failed="1" skipped="0">
  <reporter-output>
  </reporter-output>
  <suite started-at="2026-01-14T13:16:49 IST" name="Suite" finished-at="2026-01-14T13:27:51 IST" duration-ms="662326">
    <groups>
    </groups>
    <test started-at="2026-01-14T13:16:49 IST" name="HomeTest" finished-at="2026-01-14T13:27:51 IST" duration-ms="662326">
      <class name="TestPages.CheckOutTest">
        <test-method is-config="true" signature="setUpClass()[pri:0, instance:TestPages.CheckOutTest@7ce026d3]" started-at="2026-01-14T13:26:04 IST" name="setUpClass" finished-at="2026-01-14T13:26:51 IST" duration-ms="47850" status="PASS">
          <reporter-output>
          </reporter-output>
        </test-method> <!-- setUpClass -->
        <test-method is-config="true" signature="initFlow()[pri:0, instance:TestPages.CheckOutTest@7ce026d3]" started-at="2026-01-14T13:26:51 IST" name="initFlow" finished-at="2026-01-14T13:27:49 IST" duration-ms="57778" status="PASS">
          <reporter-output>
          </reporter-output>
        </test-method> <!-- initFlow -->
        <test-method signature="VerifyCheckoutVisible()[pri:1, instance:TestPages.CheckOutTest@7ce026d3]" started-at="2026-01-14T13:27:49 IST" name="VerifyCheckoutVisible" finished-at="2026-01-14T13:27:50 IST" duration-ms="675" status="PASS">
          <reporter-output>
          </reporter-output>
        </test-method> <!-- VerifyCheckoutVisible -->
        <test-method signature="VerifyCheckoutEnabled()[pri:2, instance:TestPages.CheckOutTest@7ce026d3]" started-at="2026-01-14T13:27:50 IST" name="VerifyCheckoutEnabled" finished-at="2026-01-14T13:27:50 IST" depends-on-methods="TestPages.CheckOutTest.VerifyCheckoutVisible" duration-ms="470" status="PASS">
          <reporter-output>
          </reporter-output>
        </test-method> <!-- VerifyCheckoutEnabled -->
        <test-method is-config="true" signature="tearDownClass()[pri:0, instance:TestPages.CheckOutTest@7ce026d3]" started-at="2026-01-14T13:27:50 IST" name="tearDownClass" finished-at="2026-01-14T13:27:51 IST" duration-ms="504" status="PASS">
          <reporter-output>
          </reporter-output>
        </test-method> <!-- tearDownClass -->
      </class> <!-- TestPages.CheckOutTest -->
      <class name="TestPages.PLPTest">
        <test-method is-config="true" signature="setUpClass()[pri:0, instance:TestPages.PLPTest@710c2b53]" started-at="2026-01-14T13:18:47 IST" name="setUpClass" finished-at="2026-01-14T13:19:34 IST" duration-ms="46826" status="PASS">
          <reporter-output>
          </reporter-output>
        </test-method> <!-- setUpClass -->
        <test-method is-config="true" signature="init()[pri:0, instance:TestPages.PLPTest@710c2b53]" started-at="2026-01-14T13:19:34 IST" name="init" finished-at="2026-01-14T13:20:03 IST" duration-ms="28648" status="PASS">
          <reporter-output>
          </reporter-output>
        </test-method> <!-- init -->
        <test-method signature="ClickOnShowFilterButton()[pri:1, instance:TestPages.PLPTest@710c2b53]" started-at="2026-01-14T13:20:03 IST" name="ClickOnShowFilterButton" finished-at="2026-01-14T13:20:03 IST" duration-ms="96" status="PASS">
          <reporter-output>
          </reporter-output>
        </test-method> <!-- ClickOnShowFilterButton -->
        <test-method signature="ClickOnBandColorFilter()[pri:2, instance:TestPages.PLPTest@710c2b53]" started-at="2026-01-14T13:20:03 IST" name="ClickOnBandColorFilter" finished-at="2026-01-14T13:20:14 IST" duration-ms="11728" status="PASS">
          <reporter-output>
          </reporter-output>
        </test-method> <!-- ClickOnBandColorFilter -->
        <test-method signature="TC_03_DialColorFilter()[pri:3, instance:TestPages.PLPTest@710c2b53]" started-at="2026-01-14T13:20:14 IST" name="TC_03_DialColorFilter" finished-at="2026-01-14T13:20:25 IST" duration-ms="10714" status="PASS">
          <reporter-output>
          </reporter-output>
        </test-method> <!-- TC_03_DialColorFilter -->
        <test-method signature="ClickOnBandMaterialFilter()[pri:4, instance:TestPages.PLPTest@710c2b53]" started-at="2026-01-14T13:20:25 IST" name="ClickOnBandMaterialFilter" finished-at="2026-01-14T13:20:41 IST" duration-ms="16253" status="FAIL">
          <exception class="java.lang.AssertionError">
            <message>
              <![CDATA[Failed to Click on Band Material Filter Option]]>
            </message>
            <full-stacktrace>
              <![CDATA[java.lang.AssertionError: Failed to Click on Band Material Filter Option
at org.testng.Assert.fail(Assert.java:111)
at TestPages.PLPTest.ClickOnBandMaterialFilter(PLPTest.java:60)
at java.base/jdk.internal.reflect.NativeMethodAccessorImpl.invoke0(Native Method)
at java.base/jdk.internal.reflect.NativeMethodAccessorImpl.invoke(NativeMethodAccessorImpl.java:77)
at java.base/jdk.internal.reflect.DelegatingMethodAccessorImpl.invoke(DelegatingMethodAccessorImpl.java:43)
at java.base/java.lang.reflect.Method.invoke(Method.java:568)
at org.testng.internal.invokers.MethodInvocationHelper.invokeMethod(MethodInvocationHelper.java:139)
at org.testng.internal.invokers.TestInvoker.invokeMethod(TestInvoker.java:664)
at org.testng.internal.invokers.TestInvoker.invokeTestMethod(TestInvoker.java:227)
at org.testng.internal.invokers.MethodRunner.runInSequence(MethodRunner.java:50)
at org.testng.internal.invokers.TestInvoker$MethodInvocationAgent.invoke(TestInvoker.java:957)
at org.testng.internal.invokers.TestInvoker.invokeTestMethods(TestInvoker.java:200)
at org.testng.internal.invokers.TestMethodWorker.invokeTestMethods(TestMethodWorker.java:148)
at org.testng.internal.invokers.TestMethodWorker.run(TestMethodWorker.java:128)
at java.base/java.util.ArrayList.forEach(ArrayList.java:1511)
at org.testng.TestRunner.privateRun(TestRunner.java:848)
at org.testng.TestRunner.run(TestRunner.java:621)
at org.testng.SuiteRunner.runTest(SuiteRunner.java:443)
at org.testng.SuiteRunner.runSequentially(SuiteRunner.java:437)
at org.testng.SuiteRunner.privateRun(SuiteRunner.java:397)
at org.testng.SuiteRunner.run(SuiteRunner.java:336)
at org.testng.SuiteRunnerWorker.runSuite(SuiteRunnerWorker.java:52)
at org.testng.SuiteRunnerWorker.run(SuiteRunnerWorker.java:95)
at org.testng.TestNG.runSuitesSequentially(TestNG.java:1280)
at org.testng.TestNG.runSuitesLocally(TestNG.java:1200)
at org.testng.TestNG.runSuites(TestNG.java:1114)
at org.testng.TestNG.run(TestNG.java:1082)
at org.testng.remote.AbstractRemoteTestNG.run(AbstractRemoteTestNG.java:115)
at org.testng.remote.RemoteTestNG.initAndRun(RemoteTestNG.java:251)
at org.testng.remote.RemoteTestNG.main(RemoteTestNG.java:77)
]]>
            </full-stacktrace>
          </exception> <!-- java.lang.AssertionError -->
          <reporter-output>
          </reporter-output>
        </test-method> <!-- ClickOnBandMaterialFilter -->
        <test-method signature="ClickOnFirstProduct()[pri:5, instance:TestPages.PLPTest@710c2b53]" started-at="2026-01-14T13:20:41 IST" name="ClickOnFirstProduct" finished-at="2026-01-14T13:21:05 IST" duration-ms="23382" status="PASS">
          <reporter-output>
          </reporter-output>
        </test-method> <!-- ClickOnFirstProduct -->
        <test-method is-config="true" signature="tearDownClass()[pri:0, instance:TestPages.PLPTest@710c2b53]" started-at="2026-01-14T13:21:05 IST" name="tearDownClass" finished-at="2026-01-14T13:21:05 IST" duration-ms="509" status="PASS">
          <reporter-output>
          </reporter-output>
        </test-method> <!-- tearDownClass -->
      </class> <!-- TestPages.PLPTest -->
      <class name="TestPages.PDPTest">
        <test-method is-config="true" signature="setUpClass()[pri:0, instance:TestPages.PDPTest@5386659f]" started-at="2026-01-14T13:21:05 IST" name="setUpClass" finished-at="2026-01-14T13:21:53 IST" duration-ms="47804" status="PASS">
          <reporter-output>
          </reporter-output>
        </test-method> <!-- setUpClass -->
        <test-method is-config="true" signature="init()[pri:0, instance:TestPages.PDPTest@5386659f]" started-at="2026-01-14T13:21:53 IST" name="init" finished-at="2026-01-14T13:22:50 IST" duration-ms="57136" status="PASS">
          <reporter-output>
          </reporter-output>
        </test-method> <!-- init -->
        <test-method signature="TC_ClickOnRecommendationsProducts()[pri:1, instance:TestPages.PDPTest@5386659f]" started-at="2026-01-14T13:22:50 IST" name="TC_ClickOnRecommendationsProducts" finished-at="2026-01-14T13:24:10 IST" duration-ms="79389" status="PASS">
          <reporter-output>
          </reporter-output>
        </test-method> <!-- TC_ClickOnRecommendationsProducts -->
        <test-method signature="ClickOnAddToCartButton()[pri:2, instance:TestPages.PDPTest@5386659f]" started-at="2026-01-14T13:24:10 IST" name="ClickOnAddToCartButton" finished-at="2026-01-14T13:24:14 IST" duration-ms="4287" status="PASS">
          <reporter-output>
          </reporter-output>
        </test-method> <!-- ClickOnAddToCartButton -->
        <test-method is-config="true" signature="tearDownClass()[pri:0, instance:TestPages.PDPTest@5386659f]" started-at="2026-01-14T13:24:14 IST" name="tearDownClass" finished-at="2026-01-14T13:24:15 IST" duration-ms="665" status="PASS">
          <reporter-output>
          </reporter-output>
        </test-method> <!-- tearDownClass -->
      </class> <!-- TestPages.PDPTest -->
      <class name="TestPages.MiniCartTest">
        <test-method is-config="true" signature="setUpClass()[pri:0, instance:TestPages.MiniCartTest@14028087]" started-at="2026-01-14T13:24:15 IST" name="setUpClass" finished-at="2026-01-14T13:25:02 IST" duration-ms="47452" status="PASS">
          <reporter-output>
          </reporter-output>
        </test-method> <!-- setUpClass -->
        <test-method is-config="true" signature="initFlow()[pri:0, instance:TestPages.MiniCartTest@14028087]" started-at="2026-01-14T13:25:02 IST" name="initFlow" finished-at="2026-01-14T13:25:58 IST" duration-ms="55917" status="PASS">
          <reporter-output>
          </reporter-output>
        </test-method> <!-- initFlow -->
        <test-method signature="ProductQuantityIncrease()[pri:1, instance:TestPages.MiniCartTest@14028087]" started-at="2026-01-14T13:25:58 IST" name="ProductQuantityIncrease" description="Increase product quantity in mini cart" finished-at="2026-01-14T13:26:03 IST" duration-ms="4671" status="PASS">
          <reporter-output>
          </reporter-output>
        </test-method> <!-- ProductQuantityIncrease -->
        <test-method signature="EnterPincode()[pri:2, instance:TestPages.MiniCartTest@14028087]" started-at="2026-01-14T13:26:03 IST" name="EnterPincode" description="Enter pincode in mini cart" finished-at="2026-01-14T13:26:03 IST" duration-ms="218" status="PASS">
          <reporter-output>
          </reporter-output>
        </test-method> <!-- EnterPincode -->
        <test-method signature="ClickOnGoQuickCheckoutButton()[pri:3, instance:TestPages.MiniCartTest@14028087]" started-at="2026-01-14T13:26:03 IST" name="ClickOnGoQuickCheckoutButton" description="Proceed to quick checkout from mini cart" finished-at="2026-01-14T13:26:03 IST" duration-ms="250" status="PASS">
          <reporter-output>
          </reporter-output>
        </test-method> <!-- ClickOnGoQuickCheckoutButton -->
        <test-method is-config="true" signature="tearDownClass()[pri:0, instance:TestPages.MiniCartTest@14028087]" started-at="2026-01-14T13:26:03 IST" name="tearDownClass" finished-at="2026-01-14T13:26:04 IST" duration-ms="577" status="PASS">
          <reporter-output>
          </reporter-output>
        </test-method> <!-- tearDownClass -->
      </class> <!-- TestPages.MiniCartTest -->
      <class name="TestPages.HomeTest">
        <test-method is-config="true" signature="setUpClass()[pri:0, instance:TestPages.HomeTest@5524cca1]" started-at="2026-01-14T13:16:49 IST" name="setUpClass" finished-at="2026-01-14T13:17:39 IST" duration-ms="50715" status="PASS">
          <reporter-output>
          </reporter-output>
        </test-method> <!-- setUpClass -->
        <test-method is-config="true" signature="setUpHomePage()[pri:0, instance:TestPages.HomeTest@5524cca1]" started-at="2026-01-14T13:17:39 IST" name="setUpHomePage" finished-at="2026-01-14T13:17:39 IST" duration-ms="3" status="PASS">
          <reporter-output>
          </reporter-output>
        </test-method> <!-- setUpHomePage -->
        <test-method signature="ClickOnMarlinShopNow()[pri:1, instance:TestPages.HomeTest@5524cca1]" started-at="2026-01-14T13:17:39 IST" name="ClickOnMarlinShopNow" finished-at="2026-01-14T13:17:41 IST" duration-ms="1486" status="PASS">
          <reporter-output>
          </reporter-output>
        </test-method> <!-- ClickOnMarlinShopNow -->
        <test-method signature="ClickOnLatestReleaseProducts()[pri:2, instance:TestPages.HomeTest@5524cca1]" started-at="2026-01-14T13:17:41 IST" name="ClickOnLatestReleaseProducts" finished-at="2026-01-14T13:18:08 IST" duration-ms="27072" status="PASS">
          <reporter-output>
          </reporter-output>
        </test-method> <!-- ClickOnLatestReleaseProducts -->
        <test-method signature="clickOnPopularCategoryProducts()[pri:3, instance:TestPages.HomeTest@5524cca1]" started-at="2026-01-14T13:18:08 IST" name="clickOnPopularCategoryProducts" finished-at="2026-01-14T13:18:09 IST" duration-ms="1463" status="PASS">
          <reporter-output>
          </reporter-output>
        </test-method> <!-- clickOnPopularCategoryProducts -->
        <test-method signature="ClickOnkLeatherStrapWatchButton()[pri:4, instance:TestPages.HomeTest@5524cca1]" started-at="2026-01-14T13:18:09 IST" name="ClickOnkLeatherStrapWatchButton" finished-at="2026-01-14T13:18:10 IST" duration-ms="486" status="PASS">
          <reporter-output>
          </reporter-output>
        </test-method> <!-- ClickOnkLeatherStrapWatchButton -->
        <test-method signature="ClicOnkMoreToLoveSection()[pri:5, instance:TestPages.HomeTest@5524cca1]" started-at="2026-01-14T13:18:10 IST" name="ClicOnkMoreToLoveSection" finished-at="2026-01-14T13:18:11 IST" duration-ms="1456" status="PASS">
          <reporter-output>
          </reporter-output>
        </test-method> <!-- ClicOnkMoreToLoveSection -->
        <test-method signature="ClicOnWatchesCategory()[pri:6, instance:TestPages.HomeTest@5524cca1]" started-at="2026-01-14T13:18:11 IST" name="ClicOnWatchesCategory" finished-at="2026-01-14T13:18:46 IST" duration-ms="34835" status="PASS">
          <reporter-output>
          </reporter-output>
        </test-method> <!-- ClicOnWatchesCategory -->
        <test-method is-config="true" signature="tearDownClass()[pri:0, instance:TestPages.HomeTest@5524cca1]" started-at="2026-01-14T13:18:46 IST" name="tearDownClass" finished-at="2026-01-14T13:18:47 IST" duration-ms="842" status="PASS">
          <reporter-output>
          </reporter-output>
        </test-method> <!-- tearDownClass -->
      </class> <!-- TestPages.HomeTest -->
    </test> <!-- HomeTest -->
  </suite> <!-- Suite -->
</testng-results>
