<?xml version="1.0" encoding="UTF-8"?>
<testng-results ignored="0" total="20" passed="20" failed="0" skipped="0">
  <reporter-output>
  </reporter-output>
  <suite started-at="2026-02-06T17:28:42 IST" name="Timex Suite" finished-at="2026-02-06T17:33:35 IST" duration-ms="292319">
    <groups>
    </groups>
    <test started-at="2026-02-06T17:28:42 IST" name="Home and other Test" finished-at="2026-02-06T17:33:35 IST" duration-ms="292319">
      <class name="TestPages.CheckOutTest">
        <test-method is-config="true" signature="setUpClass()[pri:0, instance:TestPages.CheckOutTest@73eb439a]" started-at="2026-02-06T17:33:07 IST" name="setUpClass" finished-at="2026-02-06T17:33:22 IST" duration-ms="15088" status="PASS">
          <reporter-output>
          </reporter-output>
        </test-method> <!-- setUpClass -->
        <test-method is-config="true" signature="initFlow()[pri:0, instance:TestPages.CheckOutTest@73eb439a]" started-at="2026-02-06T17:33:22 IST" name="initFlow" finished-at="2026-02-06T17:33:32 IST" duration-ms="10551" status="PASS">
          <reporter-output>
          </reporter-output>
        </test-method> <!-- initFlow -->
        <test-method signature="VerifyCheckoutVisible()[pri:1, instance:TestPages.CheckOutTest@73eb439a]" started-at="2026-02-06T17:33:32 IST" name="VerifyCheckoutVisible" finished-at="2026-02-06T17:33:34 IST" duration-ms="1746" status="PASS">
          <reporter-output>
          </reporter-output>
        </test-method> <!-- VerifyCheckoutVisible -->
        <test-method signature="VerifyCheckoutEnabled()[pri:2, instance:TestPages.CheckOutTest@73eb439a]" started-at="2026-02-06T17:33:34 IST" name="VerifyCheckoutEnabled" finished-at="2026-02-06T17:33:35 IST" depends-on-methods="TestPages.CheckOutTest.VerifyCheckoutVisible" duration-ms="281" status="PASS">
          <reporter-output>
          </reporter-output>
        </test-method> <!-- VerifyCheckoutEnabled -->
      </class> <!-- TestPages.CheckOutTest -->
      <class name="TestPages.PLPTest">
        <test-method is-config="true" signature="setUpClass()[pri:0, instance:TestPages.PLPTest@359df09a]" started-at="2026-02-06T17:30:01 IST" name="setUpClass" finished-at="2026-02-06T17:30:11 IST" duration-ms="10102" status="PASS">
          <reporter-output>
          </reporter-output>
        </test-method> <!-- setUpClass -->
        <test-method is-config="true" signature="init()[pri:0, instance:TestPages.PLPTest@359df09a]" started-at="2026-02-06T17:30:11 IST" name="init" finished-at="2026-02-06T17:30:14 IST" duration-ms="2911" status="PASS">
          <reporter-output>
          </reporter-output>
        </test-method> <!-- init -->
        <test-method signature="clickOnShowFilter()[pri:1, instance:TestPages.PLPTest@359df09a]" started-at="2026-02-06T17:30:14 IST" name="clickOnShowFilter" finished-at="2026-02-06T17:30:15 IST" duration-ms="737" status="PASS">
          <reporter-output>
          </reporter-output>
        </test-method> <!-- clickOnShowFilter -->
        <test-method signature="closegenderandpriceFilter()[pri:2, instance:TestPages.PLPTest@359df09a]" started-at="2026-02-06T17:30:15 IST" name="closegenderandpriceFilter" finished-at="2026-02-06T17:30:16 IST" duration-ms="1371" status="PASS">
          <reporter-output>
          </reporter-output>
        </test-method> <!-- closegenderandpriceFilter -->
        <test-method signature="ClickOnBandColorFilter()[pri:3, instance:TestPages.PLPTest@359df09a]" started-at="2026-02-06T17:30:16 IST" name="ClickOnBandColorFilter" finished-at="2026-02-06T17:30:44 IST" duration-ms="27378" status="PASS">
          <reporter-output>
          </reporter-output>
        </test-method> <!-- ClickOnBandColorFilter -->
        <test-method signature="ClickOnDialColorFilter()[pri:4, instance:TestPages.PLPTest@359df09a]" started-at="2026-02-06T17:30:44 IST" name="ClickOnDialColorFilter" finished-at="2026-02-06T17:31:11 IST" duration-ms="27088" status="PASS">
          <reporter-output>
          </reporter-output>
        </test-method> <!-- ClickOnDialColorFilter -->
        <test-method signature="ClickOnCaseDiameterFilter()[pri:5, instance:TestPages.PLPTest@359df09a]" started-at="2026-02-06T17:31:11 IST" name="ClickOnCaseDiameterFilter" finished-at="2026-02-06T17:31:38 IST" duration-ms="27168" status="PASS">
          <reporter-output>
          </reporter-output>
        </test-method> <!-- ClickOnCaseDiameterFilter -->
        <test-method signature="ClickOnBandMaterialcolorFilter()[pri:6, instance:TestPages.PLPTest@359df09a]" started-at="2026-02-06T17:31:38 IST" name="ClickOnBandMaterialcolorFilter" finished-at="2026-02-06T17:32:05 IST" duration-ms="27099" status="PASS">
          <reporter-output>
          </reporter-output>
        </test-method> <!-- ClickOnBandMaterialcolorFilter -->
        <test-method signature="clickOnFirstProduct()[pri:7, instance:TestPages.PLPTest@359df09a]" started-at="2026-02-06T17:32:05 IST" name="clickOnFirstProduct" finished-at="2026-02-06T17:32:14 IST" duration-ms="8668" status="PASS">
          <reporter-output>
          </reporter-output>
        </test-method> <!-- clickOnFirstProduct -->
      </class> <!-- TestPages.PLPTest -->
      <class name="TestPages.PDPTest">
        <test-method is-config="true" signature="setUpClass()[pri:0, instance:TestPages.PDPTest@43df23d3]" started-at="2026-02-06T17:32:14 IST" name="setUpClass" finished-at="2026-02-06T17:32:23 IST" duration-ms="8931" status="PASS">
          <reporter-output>
          </reporter-output>
        </test-method> <!-- setUpClass -->
        <test-method is-config="true" signature="init()[pri:0, instance:TestPages.PDPTest@43df23d3]" started-at="2026-02-06T17:32:23 IST" name="init" finished-at="2026-02-06T17:32:29 IST" duration-ms="5700" status="PASS">
          <reporter-output>
          </reporter-output>
        </test-method> <!-- init -->
        <test-method signature="TC_ClickOnRecommendationsProducts()[pri:1, instance:TestPages.PDPTest@43df23d3]" started-at="2026-02-06T17:32:29 IST" name="TC_ClickOnRecommendationsProducts" finished-at="2026-02-06T17:32:41 IST" duration-ms="12498" status="PASS">
          <reporter-output>
          </reporter-output>
        </test-method> <!-- TC_ClickOnRecommendationsProducts -->
        <test-method signature="ClickOnAddToCartButton()[pri:2, instance:TestPages.PDPTest@43df23d3]" started-at="2026-02-06T17:32:41 IST" name="ClickOnAddToCartButton" finished-at="2026-02-06T17:32:43 IST" duration-ms="1541" status="PASS">
          <reporter-output>
          </reporter-output>
        </test-method> <!-- ClickOnAddToCartButton -->
      </class> <!-- TestPages.PDPTest -->
      <class name="TestPages.MiniCartTest">
        <test-method is-config="true" signature="setUpClass()[pri:0, instance:TestPages.MiniCartTest@6d60fe40]" started-at="2026-02-06T17:32:43 IST" name="setUpClass" finished-at="2026-02-06T17:32:55 IST" duration-ms="12090" status="PASS">
          <reporter-output>
          </reporter-output>
        </test-method> <!-- setUpClass -->
        <test-method is-config="true" signature="initFlow()[pri:0, instance:TestPages.MiniCartTest@6d60fe40]" started-at="2026-02-06T17:32:55 IST" name="initFlow" finished-at="2026-02-06T17:33:01 IST" duration-ms="6676" status="PASS">
          <reporter-output>
          </reporter-output>
        </test-method> <!-- initFlow -->
        <test-method signature="ProductQuantityIncrease()[pri:1, instance:TestPages.MiniCartTest@6d60fe40]" started-at="2026-02-06T17:33:01 IST" name="ProductQuantityIncrease" description="Increase product quantity in mini cart" finished-at="2026-02-06T17:33:06 IST" duration-ms="4800" status="PASS">
          <reporter-output>
          </reporter-output>
        </test-method> <!-- ProductQuantityIncrease -->
        <test-method signature="EnterPincode()[pri:2, instance:TestPages.MiniCartTest@6d60fe40]" started-at="2026-02-06T17:33:06 IST" name="EnterPincode" description="Enter pincode in mini cart" finished-at="2026-02-06T17:33:06 IST" duration-ms="284" status="PASS">
          <reporter-output>
          </reporter-output>
        </test-method> <!-- EnterPincode -->
        <test-method signature="ClickOnGoQuickCheckoutButton()[pri:3, instance:TestPages.MiniCartTest@6d60fe40]" started-at="2026-02-06T17:33:06 IST" name="ClickOnGoQuickCheckoutButton" description="Proceed to quick checkout from mini cart" finished-at="2026-02-06T17:33:07 IST" duration-ms="348" status="PASS">
          <reporter-output>
          </reporter-output>
        </test-method> <!-- ClickOnGoQuickCheckoutButton -->
      </class> <!-- TestPages.MiniCartTest -->
      <class name="TestPages.HomeTest">
        <test-method is-config="true" signature="setUpClass()[pri:0, instance:TestPages.HomeTest@247310d0]" started-at="2026-02-06T17:28:43 IST" name="setUpClass" finished-at="2026-02-06T17:28:56 IST" duration-ms="13549" status="PASS">
          <reporter-output>
          </reporter-output>
        </test-method> <!-- setUpClass -->
        <test-method is-config="true" signature="setUpHomePage()[pri:0, instance:TestPages.HomeTest@247310d0]" started-at="2026-02-06T17:28:56 IST" name="setUpHomePage" finished-at="2026-02-06T17:28:56 IST" duration-ms="6" status="PASS">
          <reporter-output>
          </reporter-output>
        </test-method> <!-- setUpHomePage -->
        <test-method signature="ClickOnMarlinShopNow()[pri:1, instance:TestPages.HomeTest@247310d0]" started-at="2026-02-06T17:28:56 IST" name="ClickOnMarlinShopNow" finished-at="2026-02-06T17:29:00 IST" duration-ms="3344" status="PASS">
          <reporter-output>
          </reporter-output>
        </test-method> <!-- ClickOnMarlinShopNow -->
        <test-method signature="ClickOnLatestReleaseProducts()[pri:2, instance:TestPages.HomeTest@247310d0]" started-at="2026-02-06T17:29:00 IST" name="ClickOnLatestReleaseProducts" finished-at="2026-02-06T17:29:52 IST" duration-ms="52444" status="PASS">
          <reporter-output>
          </reporter-output>
        </test-method> <!-- ClickOnLatestReleaseProducts -->
        <test-method signature="clickOnPopularCategoryProducts()[pri:3, instance:TestPages.HomeTest@247310d0]" started-at="2026-02-06T17:29:52 IST" name="clickOnPopularCategoryProducts" finished-at="2026-02-06T17:29:54 IST" duration-ms="1988" status="PASS">
          <reporter-output>
          </reporter-output>
        </test-method> <!-- clickOnPopularCategoryProducts -->
        <test-method signature="ClickOnLeatherStrapWatchButton()[pri:4, instance:TestPages.HomeTest@247310d0]" started-at="2026-02-06T17:29:54 IST" name="ClickOnLeatherStrapWatchButton" finished-at="2026-02-06T17:29:57 IST" duration-ms="2642" status="PASS">
          <reporter-output>
          </reporter-output>
        </test-method> <!-- ClickOnLeatherStrapWatchButton -->
        <test-method signature="ClickOnMoreToLoveSection()[pri:5, instance:TestPages.HomeTest@247310d0]" started-at="2026-02-06T17:29:57 IST" name="ClickOnMoreToLoveSection" finished-at="2026-02-06T17:29:59 IST" duration-ms="1973" status="PASS">
          <reporter-output>
          </reporter-output>
        </test-method> <!-- ClickOnMoreToLoveSection -->
        <test-method signature="ClickOnWatchesCategory()[pri:6, instance:TestPages.HomeTest@247310d0]" started-at="2026-02-06T17:29:59 IST" name="ClickOnWatchesCategory" finished-at="2026-02-06T17:30:01 IST" duration-ms="2459" status="PASS">
          <reporter-output>
          </reporter-output>
        </test-method> <!-- ClickOnWatchesCategory -->
      </class> <!-- TestPages.HomeTest -->
    </test> <!-- Home and other Test -->
  </suite> <!-- Timex Suite -->
</testng-results>
