<?xml version="1.0" encoding="UTF-8"?>
<testng-results ignored="0" total="7" passed="7" failed="0" skipped="0">
  <reporter-output>
  </reporter-output>
  <suite started-at="2026-02-05T15:47:10 IST" name="Default suite" finished-at="2026-02-05T15:49:23 IST" duration-ms="132179">
    <groups>
    </groups>
    <test started-at="2026-02-05T15:47:10 IST" name="Default test" finished-at="2026-02-05T15:49:23 IST" duration-ms="132179">
      <class name="TestPages.PLPTest">
        <test-method is-config="true" signature="setUpClass()[pri:0, instance:TestPages.PLPTest@2b40ff9c]" started-at="2026-02-05T15:47:10 IST" name="setUpClass" finished-at="2026-02-05T15:47:19 IST" duration-ms="8905" status="PASS">
          <reporter-output>
          </reporter-output>
        </test-method> <!-- setUpClass -->
        <test-method is-config="true" signature="init()[pri:0, instance:TestPages.PLPTest@2b40ff9c]" started-at="2026-02-05T15:47:19 IST" name="init" finished-at="2026-02-05T15:47:22 IST" duration-ms="2609" status="PASS">
          <reporter-output>
          </reporter-output>
        </test-method> <!-- init -->
        <test-method signature="clickOnShowFilter()[pri:1, instance:TestPages.PLPTest@2b40ff9c]" started-at="2026-02-05T15:47:22 IST" name="clickOnShowFilter" finished-at="2026-02-05T15:47:23 IST" duration-ms="636" status="PASS">
          <reporter-output>
          </reporter-output>
        </test-method> <!-- clickOnShowFilter -->
        <test-method signature="closegenderandpriceFilter()[pri:2, instance:TestPages.PLPTest@2b40ff9c]" started-at="2026-02-05T15:47:23 IST" name="closegenderandpriceFilter" finished-at="2026-02-05T15:47:24 IST" duration-ms="1011" status="PASS">
          <reporter-output>
          </reporter-output>
        </test-method> <!-- closegenderandpriceFilter -->
        <test-method signature="ClickOnBandColorFilter()[pri:3, instance:TestPages.PLPTest@2b40ff9c]" started-at="2026-02-05T15:47:24 IST" name="ClickOnBandColorFilter" finished-at="2026-02-05T15:47:53 IST" duration-ms="29077" status="PASS">
          <reporter-output>
          </reporter-output>
        </test-method> <!-- ClickOnBandColorFilter -->
        <test-method signature="ClickOnDialColorFilter()[pri:4, instance:TestPages.PLPTest@2b40ff9c]" started-at="2026-02-05T15:47:53 IST" name="ClickOnDialColorFilter" finished-at="2026-02-05T15:48:22 IST" duration-ms="29155" status="PASS">
          <reporter-output>
          </reporter-output>
        </test-method> <!-- ClickOnDialColorFilter -->
        <test-method signature="ClickOnCaseDiameterFilter()[pri:5, instance:TestPages.PLPTest@2b40ff9c]" started-at="2026-02-05T15:48:22 IST" name="ClickOnCaseDiameterFilter" finished-at="2026-02-05T15:48:51 IST" duration-ms="29061" status="PASS">
          <reporter-output>
          </reporter-output>
        </test-method> <!-- ClickOnCaseDiameterFilter -->
        <test-method signature="ClickOnBandMaterialcolorFilter()[pri:6, instance:TestPages.PLPTest@2b40ff9c]" started-at="2026-02-05T15:48:51 IST" name="ClickOnBandMaterialcolorFilter" finished-at="2026-02-05T15:49:20 IST" duration-ms="28986" status="PASS">
          <reporter-output>
          </reporter-output>
        </test-method> <!-- ClickOnBandMaterialcolorFilter -->
        <test-method signature="clickOnFirstProduct()[pri:7, instance:TestPages.PLPTest@2b40ff9c]" started-at="2026-02-05T15:49:20 IST" name="clickOnFirstProduct" finished-at="2026-02-05T15:49:23 IST" duration-ms="2619" status="PASS">
          <reporter-output>
          </reporter-output>
        </test-method> <!-- clickOnFirstProduct -->
      </class> <!-- TestPages.PLPTest -->
    </test> <!-- Default test -->
  </suite> <!-- Default suite -->
</testng-results>
