<?xml version="1.0" encoding="UTF-8"?>
<testng-results ignored="0" total="7" passed="6" failed="1" skipped="0">
  <reporter-output>
  </reporter-output>
  <suite started-at="2026-02-07T23:32:29 IST" name="Default suite" finished-at="2026-02-07T23:34:36 IST" duration-ms="127099">
    <groups>
    </groups>
    <test started-at="2026-02-07T23:32:29 IST" name="Default test" finished-at="2026-02-07T23:34:36 IST" duration-ms="127099">
      <class name="TestPages.PLPTest">
        <test-method is-config="true" signature="setUpClass()[pri:0, instance:TestPages.PLPTest@3e08ff24]" started-at="2026-02-07T23:32:29 IST" name="setUpClass" finished-at="2026-02-07T23:32:40 IST" duration-ms="10970" status="PASS">
          <reporter-output>
          </reporter-output>
        </test-method> <!-- setUpClass -->
        <test-method is-config="true" signature="init()[pri:0, instance:TestPages.PLPTest@3e08ff24]" started-at="2026-02-07T23:32:40 IST" name="init" finished-at="2026-02-07T23:32:42 IST" duration-ms="2468" status="PASS">
          <reporter-output>
          </reporter-output>
        </test-method> <!-- init -->
        <test-method signature="clickOnShowFilter()[pri:1, instance:TestPages.PLPTest@3e08ff24]" started-at="2026-02-07T23:32:42 IST" name="clickOnShowFilter" finished-at="2026-02-07T23:32:43 IST" duration-ms="695" status="PASS">
          <reporter-output>
          </reporter-output>
        </test-method> <!-- clickOnShowFilter -->
        <test-method signature="closegenderandpriceFilter()[pri:2, instance:TestPages.PLPTest@3e08ff24]" started-at="2026-02-07T23:32:43 IST" name="closegenderandpriceFilter" finished-at="2026-02-07T23:32:44 IST" duration-ms="1227" status="PASS">
          <reporter-output>
          </reporter-output>
        </test-method> <!-- closegenderandpriceFilter -->
        <test-method signature="ClickOnBandColorFilter()[pri:3, instance:TestPages.PLPTest@3e08ff24]" started-at="2026-02-07T23:32:44 IST" name="ClickOnBandColorFilter" finished-at="2026-02-07T23:33:12 IST" duration-ms="27466" status="PASS">
          <reporter-output>
          </reporter-output>
        </test-method> <!-- ClickOnBandColorFilter -->
        <test-method signature="ClickOnDialColorFilter()[pri:4, instance:TestPages.PLPTest@3e08ff24]" started-at="2026-02-07T23:33:12 IST" name="ClickOnDialColorFilter" finished-at="2026-02-07T23:33:40 IST" duration-ms="27849" status="PASS">
          <reporter-output>
          </reporter-output>
        </test-method> <!-- ClickOnDialColorFilter -->
        <test-method signature="ClickOnCaseDiameterFilter()[pri:5, instance:TestPages.PLPTest@3e08ff24]" started-at="2026-02-07T23:33:40 IST" name="ClickOnCaseDiameterFilter" finished-at="2026-02-07T23:34:05 IST" duration-ms="25206" status="FAIL">
          <exception class="java.lang.AssertionError">
            <message>
              <![CDATA[Failed Case Diameter Filter: ]]>
            </message>
            <full-stacktrace>
              <![CDATA[java.lang.AssertionError: Failed Case Diameter Filter: 
at org.testng.Assert.fail(Assert.java:111)
at TestPages.PLPTest.ClickOnCaseDiameterFilter(PLPTest.java:66)
at java.base/jdk.internal.reflect.NativeMethodAccessorImpl.invoke0(Native Method)
at java.base/jdk.internal.reflect.NativeMethodAccessorImpl.invoke(NativeMethodAccessorImpl.java:77)
at java.base/jdk.internal.reflect.DelegatingMethodAccessorImpl.invoke(DelegatingMethodAccessorImpl.java:43)
at java.base/java.lang.reflect.Method.invoke(Method.java:568)
at org.testng.internal.invokers.MethodInvocationHelper.invokeMethod(MethodInvocationHelper.java:139)
at org.testng.internal.invokers.TestInvoker.invokeMethod(TestInvoker.java:664)
at org.testng.internal.invokers.TestInvoker.invokeTestMethod(TestInvoker.java:227)
at org.testng.internal.invokers.MethodRunner.runInSequence(MethodRunner.java:50)
at org.testng.internal.invokers.TestInvoker$MethodInvocationAgent.invoke(TestInvoker.java:957)
at org.testng.internal.invokers.TestInvoker.invokeTestMethods(TestInvoker.java:200)
at org.testng.internal.invokers.TestMethodWorker.invokeTestMethods(TestMethodWorker.java:148)
at org.testng.internal.invokers.TestMethodWorker.run(TestMethodWorker.java:128)
at java.base/java.util.ArrayList.forEach(ArrayList.java:1511)
at org.testng.TestRunner.privateRun(TestRunner.java:848)
at org.testng.TestRunner.run(TestRunner.java:621)
at org.testng.SuiteRunner.runTest(SuiteRunner.java:443)
at org.testng.SuiteRunner.runSequentially(SuiteRunner.java:437)
at org.testng.SuiteRunner.privateRun(SuiteRunner.java:397)
at org.testng.SuiteRunner.run(SuiteRunner.java:336)
at org.testng.SuiteRunnerWorker.runSuite(SuiteRunnerWorker.java:52)
at org.testng.SuiteRunnerWorker.run(SuiteRunnerWorker.java:95)
at org.testng.TestNG.runSuitesSequentially(TestNG.java:1280)
at org.testng.TestNG.runSuitesLocally(TestNG.java:1200)
at org.testng.TestNG.runSuites(TestNG.java:1114)
at org.testng.TestNG.run(TestNG.java:1082)
at org.testng.remote.AbstractRemoteTestNG.run(AbstractRemoteTestNG.java:115)
at org.testng.remote.RemoteTestNG.initAndRun(RemoteTestNG.java:251)
at org.testng.remote.RemoteTestNG.main(RemoteTestNG.java:77)
]]>
            </full-stacktrace>
          </exception> <!-- java.lang.AssertionError -->
          <reporter-output>
          </reporter-output>
        </test-method> <!-- ClickOnCaseDiameterFilter -->
        <test-method signature="ClickOnBandMaterialcolorFilter()[pri:6, instance:TestPages.PLPTest@3e08ff24]" started-at="2026-02-07T23:34:05 IST" name="ClickOnBandMaterialcolorFilter" finished-at="2026-02-07T23:34:32 IST" duration-ms="27310" status="PASS">
          <reporter-output>
          </reporter-output>
        </test-method> <!-- ClickOnBandMaterialcolorFilter -->
        <test-method signature="clickOnFirstProduct()[pri:7, instance:TestPages.PLPTest@3e08ff24]" started-at="2026-02-07T23:34:32 IST" name="clickOnFirstProduct" finished-at="2026-02-07T23:34:35 IST" duration-ms="3101" status="PASS">
          <reporter-output>
          </reporter-output>
        </test-method> <!-- clickOnFirstProduct -->
        <test-method is-config="true" signature="tearDownClass()[pri:0, instance:TestPages.PLPTest@3e08ff24]" started-at="2026-02-07T23:34:35 IST" name="tearDownClass" finished-at="2026-02-07T23:34:36 IST" duration-ms="719" status="PASS">
          <reporter-output>
          </reporter-output>
        </test-method> <!-- tearDownClass -->
      </class> <!-- TestPages.PLPTest -->
    </test> <!-- Default test -->
  </suite> <!-- Default suite -->
</testng-results>
