<?xml version="1.0" encoding="UTF-8"?>
<testng-results ignored="0" total="7" passed="7" failed="0" skipped="0">
  <reporter-output>
  </reporter-output>
  <suite started-at="2026-02-13T20:50:30 IST" name="Default suite" finished-at="2026-02-13T20:53:12 IST" duration-ms="161984">
    <groups>
      <group name="PLP">
        <method signature="PLPTest.clickOnShowFilter()[pri:1, instance:TestPages.PLPTest@231f98ef]" name="clickOnShowFilter" class="TestPages.PLPTest"/>
        <method signature="PLPTest.closegenderandpriceFilter()[pri:2, instance:TestPages.PLPTest@231f98ef]" name="closegenderandpriceFilter" class="TestPages.PLPTest"/>
        <method signature="PLPTest.ClickOnBandColorFilter()[pri:3, instance:TestPages.PLPTest@231f98ef]" name="ClickOnBandColorFilter" class="TestPages.PLPTest"/>
        <method signature="PLPTest.ClickOnDialColorFilter()[pri:4, instance:TestPages.PLPTest@231f98ef]" name="ClickOnDialColorFilter" class="TestPages.PLPTest"/>
        <method signature="PLPTest.ClickOnCaseDiameterFilter()[pri:5, instance:TestPages.PLPTest@231f98ef]" name="ClickOnCaseDiameterFilter" class="TestPages.PLPTest"/>
        <method signature="PLPTest.ClickOnBandMaterialcolorFilter()[pri:6, instance:TestPages.PLPTest@231f98ef]" name="ClickOnBandMaterialcolorFilter" class="TestPages.PLPTest"/>
        <method signature="PLPTest.clickOnProducts()[pri:7, instance:TestPages.PLPTest@231f98ef]" name="clickOnProducts" class="TestPages.PLPTest"/>
      </group> <!-- PLP -->
    </groups>
    <test started-at="2026-02-13T20:50:30 IST" name="Default test" finished-at="2026-02-13T20:53:12 IST" duration-ms="161984">
      <class name="TestPages.PLPTest">
        <test-method is-config="true" signature="setUpClass()[pri:0, instance:TestPages.PLPTest@231f98ef]" started-at="2026-02-13T20:50:30 IST" name="setUpClass" finished-at="2026-02-13T20:50:56 IST" duration-ms="25777" status="PASS">
          <reporter-output>
          </reporter-output>
        </test-method> <!-- setUpClass -->
        <test-method is-config="true" signature="init()[pri:0, instance:TestPages.PLPTest@231f98ef]" started-at="2026-02-13T20:50:56 IST" name="init" finished-at="2026-02-13T20:51:03 IST" duration-ms="7093" status="PASS">
          <reporter-output>
          </reporter-output>
        </test-method> <!-- init -->
        <test-method signature="clickOnShowFilter()[pri:1, instance:TestPages.PLPTest@231f98ef]" started-at="2026-02-13T20:51:03 IST" name="clickOnShowFilter" finished-at="2026-02-13T20:51:04 IST" duration-ms="423" status="PASS">
          <reporter-output>
          </reporter-output>
        </test-method> <!-- clickOnShowFilter -->
        <test-method signature="closegenderandpriceFilter()[pri:2, instance:TestPages.PLPTest@231f98ef]" started-at="2026-02-13T20:51:04 IST" name="closegenderandpriceFilter" finished-at="2026-02-13T20:51:05 IST" duration-ms="1328" status="PASS">
          <reporter-output>
          </reporter-output>
        </test-method> <!-- closegenderandpriceFilter -->
        <test-method signature="ClickOnBandColorFilter()[pri:3, instance:TestPages.PLPTest@231f98ef]" started-at="2026-02-13T20:51:05 IST" name="ClickOnBandColorFilter" finished-at="2026-02-13T20:51:33 IST" duration-ms="27932" status="PASS">
          <reporter-output>
          </reporter-output>
        </test-method> <!-- ClickOnBandColorFilter -->
        <test-method signature="ClickOnDialColorFilter()[pri:4, instance:TestPages.PLPTest@231f98ef]" started-at="2026-02-13T20:51:33 IST" name="ClickOnDialColorFilter" finished-at="2026-02-13T20:52:01 IST" duration-ms="28019" status="PASS">
          <reporter-output>
          </reporter-output>
        </test-method> <!-- ClickOnDialColorFilter -->
        <test-method signature="ClickOnCaseDiameterFilter()[pri:5, instance:TestPages.PLPTest@231f98ef]" started-at="2026-02-13T20:52:01 IST" name="ClickOnCaseDiameterFilter" finished-at="2026-02-13T20:52:29 IST" duration-ms="27860" status="PASS">
          <reporter-output>
          </reporter-output>
        </test-method> <!-- ClickOnCaseDiameterFilter -->
        <test-method signature="ClickOnBandMaterialcolorFilter()[pri:6, instance:TestPages.PLPTest@231f98ef]" started-at="2026-02-13T20:52:29 IST" name="ClickOnBandMaterialcolorFilter" finished-at="2026-02-13T20:52:57 IST" duration-ms="28407" status="PASS">
          <reporter-output>
          </reporter-output>
        </test-method> <!-- ClickOnBandMaterialcolorFilter -->
        <test-method signature="clickOnProducts()[pri:7, instance:TestPages.PLPTest@231f98ef]" started-at="2026-02-13T20:52:57 IST" name="clickOnProducts" finished-at="2026-02-13T20:53:11 IST" duration-ms="13683" status="PASS">
          <reporter-output>
          </reporter-output>
        </test-method> <!-- clickOnProducts -->
        <test-method is-config="true" signature="tearDownClass()[pri:0, instance:TestPages.PLPTest@231f98ef]" started-at="2026-02-13T20:53:11 IST" name="tearDownClass" finished-at="2026-02-13T20:53:12 IST" duration-ms="633" status="PASS">
          <reporter-output>
          </reporter-output>
        </test-method> <!-- tearDownClass -->
      </class> <!-- TestPages.PLPTest -->
    </test> <!-- Default test -->
  </suite> <!-- Default suite -->
</testng-results>
