<?xml version="1.0" encoding="UTF-8"?>
<!-- Generated by org.testng.reporters.JUnitReportReporter -->
<testsuite hostname="DESKTOP-LL1B83L" failures="0" tests="7" name="TestPages.PLPTest" time="120.545" errors="0" timestamp="2026-02-05T15:49:23 IST" skipped="0">
  <testcase classname="TestPages.PLPTest" name="clickOnShowFilter" time="0.636"/>
  <testcase classname="TestPages.PLPTest" name="closegenderandpriceFilter" time="1.011"/>
  <testcase classname="TestPages.PLPTest" name="ClickOnBandColorFilter" time="29.077"/>
  <testcase classname="TestPages.PLPTest" name="ClickOnDialColorFilter" time="29.155"/>
  <testcase classname="TestPages.PLPTest" name="ClickOnCaseDiameterFilter" time="29.061"/>
  <testcase classname="TestPages.PLPTest" name="ClickOnBandMaterialcolorFilter" time="28.986"/>
  <testcase classname="TestPages.PLPTest" name="clickOnFirstProduct" time="2.619"/>
</testsuite> <!-- TestPages.PLPTest -->
