<?xml version="1.0" encoding="UTF-8"?>
<!-- Generated by org.testng.reporters.JUnitReportReporter -->
<testsuite hostname="DESKTOP-LL1B83L" failures="0" tests="6" name="TestPages.HomeTest" time="35.512" errors="0" timestamp="2025-12-30T15:20:19 IST" skipped="0">
  <testcase classname="TestPages.HomeTest" name="clickOnMarlinShopNow" time="0.489"/>
  <testcase classname="TestPages.HomeTest" name="clickOnLatestReleaseProducts" time="9.194"/>
  <testcase classname="TestPages.HomeTest" name="clickOnPopularCategoryProducts" time="0.528"/>
  <testcase classname="TestPages.HomeTest" name="clickOnkLeatherStrapWatch" time="0.451"/>
  <testcase classname="TestPages.HomeTest" name="clicOnkMoreToLoveSection" time="0.518"/>
  <testcase classname="TestPages.HomeTest" name="clicOnWatchesCategory" time="24.332"/>
</testsuite> <!-- TestPages.HomeTest -->
