<?xml version="1.0" encoding="UTF-8"?>
<!-- Generated by org.testng.reporters.JUnitReportReporter -->
<testsuite hostname="DESKTOP-LL1B83L" failures="0" tests="6" name="TestPages.HomeTest" time="28.090" errors="0" timestamp="2026-01-21T14:54:04 IST" skipped="0">
  <testcase classname="TestPages.HomeTest" name="ClickOnMarlinShopNow" time="0.283"/>
  <testcase classname="TestPages.HomeTest" name="ClickOnLatestReleaseProducts" time="4.192"/>
  <testcase classname="TestPages.HomeTest" name="clickOnPopularCategoryProducts" time="0.186"/>
  <testcase classname="TestPages.HomeTest" name="ClickOnLeatherStrapWatchButton" time="0.203"/>
  <testcase classname="TestPages.HomeTest" name="ClickOnMoreToLoveSection" time="0.220"/>
  <testcase classname="TestPages.HomeTest" name="ClickOnWatchesCategory" time="23.006"/>
</testsuite> <!-- TestPages.HomeTest -->
