<?xml version="1.0" encoding="UTF-8"?>
<!-- Generated by org.testng.reporters.JUnitReportReporter -->
<testsuite hostname="DESKTOP-LL1B83L" failures="0" tests="3" name="TestPages.Contact_Us" time="0.000" errors="0" timestamp="2025-11-26T21:58:57 IST" skipped="3">
  <testcase classname="TestPages.Contact_Us" name="TC_01_openbrowser" time="0.000">
    <skipped/>
  </testcase> <!-- TC_01_openbrowser -->
  <testcase classname="TestPages.Contact_Us" name="TC_02_closepopup" time="0.000">
    <skipped/>
  </testcase> <!-- TC_02_closepopup -->
  <testcase classname="TestPages.Contact_Us" name="TC_03_Login" time="0.000">
    <skipped/>
  </testcase> <!-- TC_03_Login -->
</testsuite> <!-- TestPages.Contact_Us -->
