<?xml version="1.0" encoding="UTF-8"?>
<!-- Generated by org.testng.reporters.JUnitReportReporter -->
<testsuite hostname="DESKTOP-LL1B83L" failures="0" tests="6" name="TestPages.PLPTest" time="153.354" errors="0" timestamp="2025-11-26T22:49:23 IST" skipped="0">
  <testcase classname="TestPages.PLPTest" name="TC_01_ClosePopupIfPresent" time="82.481"/>
  <testcase classname="TestPages.PLPTest" name="TC_02_SelectBandColorFilter" time="12.568"/>
  <testcase classname="TestPages.PLPTest" name="TC_03_SelectDialColorFilter" time="8.605"/>
  <testcase classname="TestPages.PLPTest" name="TC_04_SelectCaseDiameterFilter" time="8.676"/>
  <testcase classname="TestPages.PLPTest" name="TC_05_SelectBandMaterialFilter" time="11.577"/>
  <testcase classname="TestPages.PLPTest" name="TC_06_ClickOnProduct" time="29.447"/>
</testsuite> <!-- TestPages.PLPTest -->
