<?xml version="1.0" encoding="UTF-8"?>
<!-- Generated by org.testng.reporters.JUnitReportReporter -->
<testsuite hostname="DESKTOP-LL1B83L" failures="0" tests="6" name="TestPages.HomeTest" time="114.253" errors="0" timestamp="2025-11-26T22:33:48 IST" skipped="0">
  <testcase classname="TestPages.HomeTest" name="TC_01_MarlinAutomatic_ShopNowButton" time="3.595"/>
  <testcase classname="TestPages.HomeTest" name="TC_02_ClickOnLatestReleaseAndBestSellerProducts" time="81.008"/>
  <testcase classname="TestPages.HomeTest" name="TC_03_ClickOnPopularCategory" time="5.900"/>
  <testcase classname="TestPages.HomeTest" name="TC_04_ClickOnLeatherStrapWatch" time="4.141"/>
  <testcase classname="TestPages.HomeTest" name="TC_05_ClickOnMoretoLoveSection" time="5.468"/>
  <testcase classname="TestPages.HomeTest" name="TC_06_ClickOnWatchesCategoryPage" time="14.141"/>
</testsuite> <!-- TestPages.HomeTest -->
