<?xml version="1.0" encoding="UTF-8"?>
<!-- Generated by org.testng.reporters.JUnitReportReporter -->
<testsuite hostname="DESKTOP-LL1B83L" failures="0" tests="2" name="TestPages.CheckOutTest" time="1.377" errors="0" timestamp="2025-12-31T14:50:28 IST" skipped="0">
  <testcase classname="TestPages.CheckOutTest" name="TC_01_VerifyCheckoutVisible" time="0.821"/>
  <testcase classname="TestPages.CheckOutTest" name="TC_02_VerifyCheckoutEnabled" time="0.556"/>
</testsuite> <!-- TestPages.CheckOutTest -->
