<?xml version="1.0" encoding="UTF-8"?>
<!-- Generated by org.testng.reporters.JUnitReportReporter -->
<testsuite hostname="DESKTOP-LL1B83L" failures="0" tests="3" name="Form_testing.Sign_In_by_Mobile" time="35.832" errors="0" timestamp="2024-06-10T17:08:31 IST" skipped="0">
  <testcase classname="Form_testing.Sign_In_by_Mobile" name="TC_02_closepopup" time="4.890"/>
  <testcase classname="Form_testing.Sign_In_by_Mobile" name="TC_03_Login" time="24.626"/>
  <testcase classname="Form_testing.Sign_In_by_Mobile" name="TC_01_openbrowser" time="6.316"/>
</testsuite> <!-- Form_testing.Sign_In_by_Mobile -->
