<?xml version="1.0" encoding="UTF-8"?>
<!-- Generated by org.testng.reporters.JUnitReportReporter -->
<testsuite hostname="DESKTOP-LL1B83L" failures="0" tests="7" name="Form_testing.Homepage" time="685.957" errors="0" timestamp="2025-11-26T17:39:55 IST" skipped="0">
  <testcase classname="Form_testing.Homepage" name="TC_01_ClosePopUp" time="24.422"/>
  <testcase classname="Form_testing.Homepage" name="TC_02_MarlinAutomatic_ShopNowButton" time="24.224"/>
  <testcase classname="Form_testing.Homepage" name="TC_03_ClickOnLatestReleaseAndBestSellerProducts" time="528.289"/>
  <testcase classname="Form_testing.Homepage" name="TC_04_ClickOnPopularCategory" time="26.169"/>
  <testcase classname="Form_testing.Homepage" name="TC_05_ClickOnLeatherStrapWatch" time="26.288"/>
  <testcase classname="Form_testing.Homepage" name="TC_06_ClickOnMoretoLoveSection" time="27.401"/>
  <testcase classname="Form_testing.Homepage" name="TC_07_ClickOnWatchesCategoryPage" time="29.164"/>
</testsuite> <!-- Form_testing.Homepage -->
