<?xml version="1.0" encoding="UTF-8"?>
<!-- Generated by org.testng.reporters.JUnitReportReporter -->
<testsuite hostname="DESKTOP-LL1B83L" failures="0" tests="6" name="TestPages.PLPTest" time="48.354" errors="0" timestamp="2025-12-30T18:56:45 IST" skipped="0">
  <testcase classname="TestPages.PLPTest" name="TC_01_ClickOnShowFilterButton" time="2.082"/>
  <testcase classname="TestPages.PLPTest" name="TC_02_BandColorFilter" time="6.135"/>
  <testcase classname="TestPages.PLPTest" name="TC_03_DialColorFilter" time="4.303"/>
  <testcase classname="TestPages.PLPTest" name="TC_04_CaseDiameterFilter" time="4.129"/>
  <testcase classname="TestPages.PLPTest" name="TC_05_BandMaterialFilter" time="3.941"/>
  <testcase classname="TestPages.PLPTest" name="TC_06_ClickOnProduct" time="27.764"/>
</testsuite> <!-- TestPages.PLPTest -->
