<?xml version="1.0" encoding="UTF-8"?>
<!-- Generated by org.testng.reporters.JUnitReportReporter -->
<testsuite hostname="DESKTOP-LL1B83L" failures="0" tests="2" name="TestPages.CheckOutTest" time="2.157" errors="0" timestamp="2025-12-30T20:26:44 IST" skipped="0">
  <testcase classname="TestPages.CheckOutTest" name="TC_01_VerifyCheckoutVisible" time="1.672"/>
  <testcase classname="TestPages.CheckOutTest" name="TC_02_VerifyCheckoutEnabled" time="0.485"/>
</testsuite> <!-- TestPages.CheckOutTest -->
