<?xml version="1.0" encoding="UTF-8"?>
<!-- Generated by org.testng.reporters.JUnitReportReporter -->
<testsuite hostname="DESKTOP-LL1B83L" failures="0" tests="3" name="TestPages.MiniCartTest" time="5.139" errors="0" timestamp="2026-01-14T13:27:51 IST" skipped="0">
  <testcase classname="TestPages.MiniCartTest" name="ProductQuantityIncrease" time="4.671"/>
  <testcase classname="TestPages.MiniCartTest" name="EnterPincode" time="0.218"/>
  <testcase classname="TestPages.MiniCartTest" name="ClickOnGoQuickCheckoutButton" time="0.250"/>
</testsuite> <!-- TestPages.MiniCartTest -->
