<?xml version="1.0" encoding="UTF-8"?>
<!-- Generated by org.testng.reporters.JUnitReportReporter -->
<testsuite hostname="DESKTOP-LL1B83L" failures="0" tests="2" name="TestPages.CheckOutTest" time="1.113" errors="0" timestamp="2026-01-12T17:23:04 IST" skipped="0">
  <testcase classname="TestPages.CheckOutTest" name="TC_01_VerifyCheckoutVisible" time="0.560"/>
  <testcase classname="TestPages.CheckOutTest" name="TC_02_VerifyCheckoutEnabled" time="0.553"/>
</testsuite> <!-- TestPages.CheckOutTest -->
