<?xml version="1.0" encoding="UTF-8"?>
<!-- Generated by org.testng.reporters.JUnitReportReporter -->
<testsuite hostname="DESKTOP-LL1B83L" failures="0" tests="7" name="TestPages.PLPTest" time="119.509" errors="0" timestamp="2026-02-06T17:33:36 IST" skipped="0">
  <testcase classname="TestPages.PLPTest" name="clickOnShowFilter" time="0.737"/>
  <testcase classname="TestPages.PLPTest" name="closegenderandpriceFilter" time="1.371"/>
  <testcase classname="TestPages.PLPTest" name="ClickOnBandColorFilter" time="27.378"/>
  <testcase classname="TestPages.PLPTest" name="ClickOnDialColorFilter" time="27.088"/>
  <testcase classname="TestPages.PLPTest" name="ClickOnCaseDiameterFilter" time="27.168"/>
  <testcase classname="TestPages.PLPTest" name="ClickOnBandMaterialcolorFilter" time="27.099"/>
  <testcase classname="TestPages.PLPTest" name="clickOnFirstProduct" time="8.668"/>
</testsuite> <!-- TestPages.PLPTest -->
