<?xml version="1.0" encoding="UTF-8"?>
<!-- Generated by org.testng.reporters.JUnitReportReporter -->
<testsuite hostname="DESKTOP-LL1B83L" failures="0" tests="6" name="TestPages.HomeTest" time="107.359" errors="0" timestamp="2025-12-30T22:38:06 IST" skipped="0">
  <testcase classname="TestPages.HomeTest" name="clickOnMarlinShopNow" time="3.236"/>
  <testcase classname="TestPages.HomeTest" name="clickOnLatestReleaseProducts" time="48.864"/>
  <testcase classname="TestPages.HomeTest" name="clickOnPopularCategoryProducts" time="1.766"/>
  <testcase classname="TestPages.HomeTest" name="clickOnkLeatherStrapWatch" time="1.129"/>
  <testcase classname="TestPages.HomeTest" name="clicOnkMoreToLoveSection" time="2.020"/>
  <testcase classname="TestPages.HomeTest" name="clicOnWatchesCategory" time="50.344"/>
</testsuite> <!-- TestPages.HomeTest -->
