<?xml version="1.0" encoding="UTF-8"?>
<!-- Generated by org.testng.reporters.JUnitReportReporter -->
<testsuite hostname="DESKTOP-LL1B83L" failures="0" tests="5" name="Form_testing.PLP_Page" time="40.091" errors="0" timestamp="2025-11-26T17:39:55 IST" skipped="0">
  <testcase classname="Form_testing.PLP_Page" name="TC_01_SelectBandColorFilter" time="3.220"/>
  <testcase classname="Form_testing.PLP_Page" name="TC_02_SelectDialColorFilter" time="4.090"/>
  <testcase classname="Form_testing.PLP_Page" name="TC_03_SelectCaseDiameterFilter" time="3.256"/>
  <testcase classname="Form_testing.PLP_Page" name="TC_04_SelectBandMaterialFilter" time="3.064"/>
  <testcase classname="Form_testing.PLP_Page" name="TC_05_ClickOnProduct" time="26.461"/>
</testsuite> <!-- Form_testing.PLP_Page -->
