<?xml version="1.0" encoding="UTF-8"?>
<!-- Generated by org.testng.reporters.JUnitReportReporter -->
<testsuite hostname="DESKTOP-LL1B83L" failures="0" tests="3" name="TestPages.MiniCartTest" time="7.073" errors="0" timestamp="2026-02-05T18:51:31 IST" skipped="0">
  <testcase classname="TestPages.MiniCartTest" name="ProductQuantityIncrease" time="5.708"/>
  <testcase classname="TestPages.MiniCartTest" name="EnterPincode" time="0.867"/>
  <testcase classname="TestPages.MiniCartTest" name="ClickOnGoQuickCheckoutButton" time="0.498"/>
</testsuite> <!-- TestPages.MiniCartTest -->
