<?xml version="1.0" encoding="UTF-8"?>
<!-- Generated by org.testng.reporters.JUnitReportReporter -->
<testsuite hostname="DESKTOP-LL1B83L" failures="0" tests="2" name="TestPages.PDPTest" time="86.217" errors="0" timestamp="2026-01-16T16:34:11 IST" skipped="0">
  <testcase classname="TestPages.PDPTest" name="TC_ClickOnRecommendationsProducts" time="81.944"/>
  <system-out/>
  <testcase classname="TestPages.PDPTest" name="ClickOnAddToCartButton" time="4.273"/>
  <system-out/>
</testsuite> <!-- TestPages.PDPTest -->
