<?xml version="1.0" encoding="UTF-8"?>
<!-- Generated by org.testng.reporters.JUnitReportReporter -->
<testsuite hostname="DESKTOP-LL1B83L" failures="0" tests="2" name="TestPages.PDPTest" time="81.376" errors="0" timestamp="2026-01-15T16:05:21 IST" skipped="0">
  <testcase classname="TestPages.PDPTest" name="TC_ClickOnRecommendationsProducts" time="76.845"/>
  <system-out/>
  <testcase classname="TestPages.PDPTest" name="ClickOnAddToCartButton" time="4.531"/>
  <system-out/>
</testsuite> <!-- TestPages.PDPTest -->
