<?xml version="1.0" encoding="UTF-8"?>
<!-- Generated by org.testng.reporters.JUnitReportReporter -->
<testsuite hostname="DESKTOP-LL1B83L" failures="0" tests="6" name="TestPages.HomeTest" time="43.108" errors="0" timestamp="2026-01-15T16:05:21 IST" skipped="0">
  <testcase classname="TestPages.HomeTest" name="ClickOnMarlinShopNow" time="1.803"/>
  <system-out/>
  <testcase classname="TestPages.HomeTest" name="ClickOnLatestReleaseProducts" time="29.961"/>
  <system-out/>
  <testcase classname="TestPages.HomeTest" name="clickOnPopularCategoryProducts" time="1.702"/>
  <system-out/>
  <testcase classname="TestPages.HomeTest" name="ClickOnLeatherStrapWatchButton" time="0.382"/>
  <system-out/>
  <testcase classname="TestPages.HomeTest" name="ClickOnMoreToLoveSection" time="1.518"/>
  <system-out/>
  <testcase classname="TestPages.HomeTest" name="ClickOnWatchesCategory" time="7.742"/>
  <system-out/>
</testsuite> <!-- TestPages.HomeTest -->
