<?xml version="1.0" encoding="UTF-8"?>
<!-- Generated by org.testng.reporters.JUnitReportReporter -->
<testsuite hostname="DESKTOP-LL1B83L" failures="0" tests="5" name="TestPages.PLPTest" time="54.995" errors="0" timestamp="2025-12-31T15:01:53 IST" skipped="0">
  <testcase classname="TestPages.PLPTest" name="TC_01_ClickOnShowFilterButton" time="0.127"/>
  <system-out/>
  <testcase classname="TestPages.PLPTest" name="TC_02_BandColorFilter" time="10.814"/>
  <system-out/>
  <testcase classname="TestPages.PLPTest" name="TC_03_DialColorFilter" time="10.657"/>
  <system-out/>
  <testcase classname="TestPages.PLPTest" name="TC_05_BandMaterialFilter" time="10.571"/>
  <system-out/>
  <testcase classname="TestPages.PLPTest" name="TC_06_ClickOnFirstProduct" time="22.826"/>
  <system-out/>
</testsuite> <!-- TestPages.PLPTest -->
