<?xml version="1.0" encoding="UTF-8"?>
<!-- Generated by org.testng.reporters.JUnitReportReporter -->
<testsuite hostname="DESKTOP-LL1B83L" failures="0" tests="6" name="TestPages.HomeTest" time="62.164" errors="0" timestamp="2026-01-16T16:34:11 IST" skipped="0">
  <testcase classname="TestPages.HomeTest" name="ClickOnMarlinShopNow" time="1.561"/>
  <system-out/>
  <testcase classname="TestPages.HomeTest" name="ClickOnLatestReleaseProducts" time="28.478"/>
  <system-out/>
  <testcase classname="TestPages.HomeTest" name="clickOnPopularCategoryProducts" time="1.508"/>
  <system-out/>
  <testcase classname="TestPages.HomeTest" name="ClickOnLeatherStrapWatchButton" time="0.326"/>
  <system-out/>
  <testcase classname="TestPages.HomeTest" name="ClickOnMoreToLoveSection" time="1.473"/>
  <system-out/>
  <testcase classname="TestPages.HomeTest" name="ClickOnWatchesCategory" time="28.818"/>
  <system-out/>
</testsuite> <!-- TestPages.HomeTest -->
