<?xml version="1.0" encoding="UTF-8"?>
<!-- Generated by org.testng.reporters.JUnitReportReporter -->
<testsuite hostname="DESKTOP-LL1B83L" failures="0" tests="3" name="TestPages.MiniCartTest" time="6.078" errors="0" timestamp="2026-01-16T16:34:11 IST" skipped="0">
  <testcase classname="TestPages.MiniCartTest" name="ProductQuantityIncrease" time="5.196"/>
  <system-out/>
  <testcase classname="TestPages.MiniCartTest" name="EnterPincode" time="0.310"/>
  <system-out/>
  <testcase classname="TestPages.MiniCartTest" name="ClickOnGoQuickCheckoutButton" time="0.572"/>
  <system-out/>
</testsuite> <!-- TestPages.MiniCartTest -->
