<?xml version="1.0" encoding="UTF-8"?>
<!-- Generated by org.testng.reporters.JUnitReportReporter -->
<testsuite hostname="DESKTOP-0INDAG6" failures="0" tests="6" name="TestPages.HomeTest" time="9.347" errors="0" timestamp="2026-01-27T18:03:55 IST" skipped="0">
  <testcase classname="TestPages.HomeTest" name="ClickOnMarlinShopNow" time="0.326"/>
  <system-out/>
  <testcase classname="TestPages.HomeTest" name="ClickOnLatestReleaseProducts" time="4.687"/>
  <system-out/>
  <testcase classname="TestPages.HomeTest" name="clickOnPopularCategoryProducts" time="0.261"/>
  <system-out/>
  <testcase classname="TestPages.HomeTest" name="ClickOnLeatherStrapWatchButton" time="0.253"/>
  <system-out/>
  <testcase classname="TestPages.HomeTest" name="ClickOnMoreToLoveSection" time="0.145"/>
  <system-out/>
  <testcase classname="TestPages.HomeTest" name="ClickOnWatchesCategory" time="3.675"/>
  <system-out/>
</testsuite> <!-- TestPages.HomeTest -->
