<?xml version="1.0" encoding="UTF-8"?>
<!-- Generated by org.testng.reporters.JUnitReportReporter -->
<testsuite hostname="DESKTOP-0INDAG6" failures="0" tests="3" name="TestPages.MiniCartTest" time="4.198" errors="0" timestamp="2026-01-27T18:03:55 IST" skipped="0">
  <testcase classname="TestPages.MiniCartTest" name="ProductQuantityIncrease" time="3.864"/>
  <system-out/>
  <testcase classname="TestPages.MiniCartTest" name="EnterPincode" time="0.181"/>
  <system-out/>
  <testcase classname="TestPages.MiniCartTest" name="ClickOnGoQuickCheckoutButton" time="0.153"/>
  <system-out/>
</testsuite> <!-- TestPages.MiniCartTest -->
