<?xml version="1.0" encoding="UTF-8"?>
<!-- Generated by org.testng.reporters.JUnitReportReporter -->
<testsuite hostname="DESKTOP-LL1B83L" failures="0" tests="2" name="TestPages.CheckOutTest" time="1.462" errors="0" timestamp="2026-01-16T16:34:11 IST" skipped="0">
  <testcase classname="TestPages.CheckOutTest" name="VerifyCheckoutVisible" time="0.947"/>
  <system-out/>
  <testcase classname="TestPages.CheckOutTest" name="VerifyCheckoutEnabled" time="0.515"/>
  <system-out/>
</testsuite> <!-- TestPages.CheckOutTest -->
